2018-02-20-15:59:33 [DEBUG] Initializing Linear Layer
2018-02-20-15:59:50 [DEBUG] Initializing Criterion Layer
2018-02-20-15:59:50 [DEBUG] Beginning Gradient Descent
2018-02-20-15:59:53 [INFO ] Iteration: 1, Loss: 0.036740622746558
2018-02-20-15:59:56 [INFO ] Iteration: 2, Loss: 0.054022400170539
2018-02-20-16:00:00 [INFO ] Iteration: 3, Loss: 0.06112518198496
2018-02-20-16:00:03 [INFO ] Iteration: 4, Loss: 0.058909711840077
2018-02-20-16:00:06 [INFO ] Iteration: 5, Loss: 0.047485951981266
2018-02-20-16:00:09 [INFO ] Iteration: 6, Loss: 0.044686566817787
2018-02-20-16:00:13 [INFO ] Iteration: 7, Loss: 0.043858872448383
2018-02-20-16:00:16 [INFO ] Iteration: 8, Loss: 0.045996095654035
2018-02-20-16:00:19 [INFO ] Iteration: 9, Loss: 0.048463431372848
2018-02-20-16:00:22 [INFO ] Iteration: 10, Loss: 0.048499172329668
2018-02-20-16:00:26 [INFO ] Iteration: 11, Loss: 0.046285021677323
2018-02-20-16:00:29 [INFO ] Iteration: 12, Loss: 0.043665002718453
2018-02-20-16:00:32 [INFO ] Iteration: 13, Loss: 0.044273542769407
2018-02-20-16:00:36 [INFO ] Iteration: 14, Loss: 0.044675629004802
2018-02-20-16:00:39 [INFO ] Iteration: 15, Loss: 0.042585414840946
2018-02-20-16:00:42 [INFO ] Iteration: 16, Loss: 0.043125579732809
2018-02-20-16:00:45 [INFO ] Iteration: 17, Loss: 0.041083904283651
2018-02-20-16:00:48 [INFO ] Iteration: 18, Loss: 0.045061356424131
2018-02-20-16:00:51 [INFO ] Iteration: 19, Loss: 0.042261309659447
2018-02-20-16:00:54 [INFO ] Iteration: 20, Loss: 0.040971463191841
2018-02-20-16:00:57 [INFO ] Iteration: 21, Loss: 0.044278927735665
2018-02-20-16:01:00 [INFO ] Iteration: 22, Loss: 0.04363734633019
2018-02-20-16:01:03 [INFO ] Iteration: 23, Loss: 0.042798200984495
2018-02-20-16:01:07 [INFO ] Iteration: 24, Loss: 0.041377757835104
2018-02-20-16:01:10 [INFO ] Iteration: 25, Loss: 0.039291528292369
2018-02-20-16:01:13 [INFO ] Iteration: 26, Loss: 0.043005722382151
2018-02-20-16:01:15 [INFO ] Iteration: 27, Loss: 0.042235296291053
2018-02-20-16:01:19 [INFO ] Iteration: 28, Loss: 0.041186735478953
2018-02-20-16:01:21 [INFO ] Iteration: 29, Loss: 0.041943969746011
2018-02-20-16:01:25 [INFO ] Iteration: 30, Loss: 0.040716501077806
2018-02-20-16:01:28 [INFO ] Iteration: 31, Loss: 0.040575974392155
2018-02-20-16:01:31 [INFO ] Iteration: 32, Loss: 0.038025842560826
2018-02-20-16:01:33 [INFO ] Iteration: 33, Loss: 0.041594092911706
2018-02-20-16:01:36 [INFO ] Iteration: 34, Loss: 0.041030654892648
2018-02-20-16:01:39 [INFO ] Iteration: 35, Loss: 0.042353509720801
2018-02-20-16:01:43 [INFO ] Iteration: 36, Loss: 0.041439890051754
2018-02-20-16:01:45 [INFO ] Iteration: 37, Loss: 0.040283683685089
2018-02-20-16:01:48 [INFO ] Iteration: 38, Loss: 0.038480246502915
2018-02-20-16:01:51 [INFO ] Iteration: 39, Loss: 0.043279472127608
2018-02-20-16:01:53 [INFO ] Iteration: 40, Loss: 0.040294218324857
2018-02-20-16:01:57 [INFO ] Iteration: 41, Loss: 0.039590993955613
2018-02-20-16:01:59 [INFO ] Iteration: 42, Loss: 0.043397379723034
2018-02-20-16:02:02 [INFO ] Iteration: 43, Loss: 0.039047096031884
2018-02-20-16:02:05 [INFO ] Iteration: 44, Loss: 0.041010128500123
2018-02-20-16:02:07 [INFO ] Iteration: 45, Loss: 0.041261557127883
2018-02-20-16:02:10 [INFO ] Iteration: 46, Loss: 0.038300779808451
2018-02-20-16:02:13 [INFO ] Iteration: 47, Loss: 0.038287944523823
2018-02-20-16:02:17 [INFO ] Iteration: 48, Loss: 0.03923986935945
2018-02-20-16:02:19 [INFO ] Iteration: 49, Loss: 0.042815123701161
2018-02-20-16:02:22 [INFO ] Iteration: 50, Loss: 0.04011538991986
2018-02-20-16:02:25 [INFO ] Iteration: 51, Loss: 0.040828679982882
2018-02-20-16:02:28 [INFO ] Iteration: 52, Loss: 0.039056644039145
2018-02-20-16:02:31 [INFO ] Iteration: 53, Loss: 0.040366376309666
2018-02-20-16:02:33 [INFO ] Iteration: 54, Loss: 0.039658714843253
2018-02-20-16:02:36 [INFO ] Iteration: 55, Loss: 0.044797434302338
2018-02-20-16:02:39 [INFO ] Iteration: 56, Loss: 0.045993838066945
2018-02-20-16:02:42 [INFO ] Iteration: 57, Loss: 0.040826816261171
2018-02-20-16:02:44 [INFO ] Iteration: 58, Loss: 0.039059847097759
2018-02-20-16:02:47 [INFO ] Iteration: 59, Loss: 0.038448796246632
2018-02-20-16:02:50 [INFO ] Iteration: 60, Loss: 0.043477104432768
2018-02-20-16:02:53 [INFO ] Iteration: 61, Loss: 0.040236616752281
2018-02-20-16:02:56 [INFO ] Iteration: 62, Loss: 0.039537529854122
2018-02-20-16:02:58 [INFO ] Iteration: 63, Loss: 0.040827797402335
2018-02-20-16:03:02 [INFO ] Iteration: 64, Loss: 0.038914700445758
2018-02-20-16:03:04 [INFO ] Iteration: 65, Loss: 0.036489709896906
2018-02-20-16:03:07 [INFO ] Iteration: 66, Loss: 0.04070970539627
2018-02-20-16:03:10 [INFO ] Iteration: 67, Loss: 0.038611013169554
2018-02-20-16:03:12 [INFO ] Iteration: 68, Loss: 0.039730055430479
2018-02-20-16:03:16 [INFO ] Iteration: 69, Loss: 0.037883297752667
2018-02-20-16:03:18 [INFO ] Iteration: 70, Loss: 0.043531095300948
2018-02-20-16:03:21 [INFO ] Iteration: 71, Loss: 0.038196905638559
2018-02-20-16:03:24 [INFO ] Iteration: 72, Loss: 0.038681424036376
2018-02-20-16:03:27 [INFO ] Iteration: 73, Loss: 0.037405108586861
2018-02-20-16:03:30 [INFO ] Iteration: 74, Loss: 0.034918854330443
2018-02-20-16:03:32 [INFO ] Iteration: 75, Loss: 0.04273716779759
2018-02-20-16:03:35 [INFO ] Iteration: 76, Loss: 0.039813045106125
2018-02-20-16:03:38 [INFO ] Iteration: 77, Loss: 0.038333854806602
2018-02-20-16:03:41 [INFO ] Iteration: 78, Loss: 0.045382520612385
2018-02-20-16:03:44 [INFO ] Iteration: 79, Loss: 0.039498971765166
2018-02-20-16:03:46 [INFO ] Iteration: 80, Loss: 0.03975907975618
2018-02-20-16:03:50 [INFO ] Iteration: 81, Loss: 0.037276837510879
2018-02-20-16:03:52 [INFO ] Iteration: 82, Loss: 0.038784779012324
2018-02-20-16:03:55 [INFO ] Iteration: 83, Loss: 0.044876964341472
2018-02-20-16:03:58 [INFO ] Iteration: 84, Loss: 0.041851647755485
2018-02-20-16:04:02 [INFO ] Iteration: 85, Loss: 0.039583708576462
2018-02-20-16:04:04 [INFO ] Iteration: 86, Loss: 0.037959861843103
2018-02-20-16:04:07 [INFO ] Iteration: 87, Loss: 0.040841213976123
2018-02-20-16:04:10 [INFO ] Iteration: 88, Loss: 0.037370804014413
2018-02-20-16:04:13 [INFO ] Iteration: 89, Loss: 0.04139583989803
2018-02-20-16:04:16 [INFO ] Iteration: 90, Loss: 0.038089393693447
2018-02-20-16:04:18 [INFO ] Iteration: 91, Loss: 0.038991577102604
2018-02-20-16:04:21 [INFO ] Iteration: 92, Loss: 0.036627709664812
2018-02-20-16:04:24 [INFO ] Iteration: 93, Loss: 0.037816403726854
2018-02-20-16:04:27 [INFO ] Iteration: 94, Loss: 0.035295991491755
2018-02-20-16:04:30 [INFO ] Iteration: 95, Loss: 0.037676946854676
2018-02-20-16:04:32 [INFO ] Iteration: 96, Loss: 0.036551676416289
2018-02-20-16:04:35 [INFO ] Iteration: 97, Loss: 0.03818151764133
2018-02-20-16:04:38 [INFO ] Iteration: 98, Loss: 0.045461477429108
2018-02-20-16:04:40 [INFO ] Iteration: 99, Loss: 0.041338815060822
2018-02-20-16:04:43 [INFO ] Iteration: 100, Loss: 0.037761563316714
2018-02-20-16:04:46 [INFO ] Iteration: 101, Loss: 0.035715665706392
2018-02-20-16:04:49 [INFO ] Iteration: 102, Loss: 0.04228379927943
2018-02-20-16:04:52 [INFO ] Iteration: 103, Loss: 0.038939571771935
2018-02-20-16:04:54 [INFO ] Iteration: 104, Loss: 0.03633580283601
2018-02-20-16:04:57 [INFO ] Iteration: 105, Loss: 0.03744414316982
2018-02-20-16:05:00 [INFO ] Iteration: 106, Loss: 0.040260560841307
2018-02-20-16:05:03 [INFO ] Iteration: 107, Loss: 0.038599743538987
2018-02-20-16:05:05 [INFO ] Iteration: 108, Loss: 0.040919578745923
2018-02-20-16:05:08 [INFO ] Iteration: 109, Loss: 0.041455859114426
2018-02-20-16:05:11 [INFO ] Iteration: 110, Loss: 0.041244191713404
2018-02-20-16:05:13 [INFO ] Iteration: 111, Loss: 0.040784947887948
2018-02-20-16:05:16 [INFO ] Iteration: 112, Loss: 0.039416287051636
2018-02-20-16:05:19 [INFO ] Iteration: 113, Loss: 0.036721848253442
2018-02-20-16:05:21 [INFO ] Iteration: 114, Loss: 0.036345075166568
2018-02-20-16:05:24 [INFO ] Iteration: 115, Loss: 0.042398180195146
2018-02-20-16:05:27 [INFO ] Iteration: 116, Loss: 0.039459391543738
2018-02-20-16:05:29 [INFO ] Iteration: 117, Loss: 0.039198298719858
2018-02-20-16:05:32 [INFO ] Iteration: 118, Loss: 0.038405557467033
2018-02-20-16:05:35 [INFO ] Iteration: 119, Loss: 0.038410376134063
2018-02-20-16:05:37 [INFO ] Iteration: 120, Loss: 0.035291689620448
2018-02-20-16:05:40 [INFO ] Iteration: 121, Loss: 0.037978602670131
2018-02-20-16:05:43 [INFO ] Iteration: 122, Loss: 0.042675384049046
2018-02-20-16:05:46 [INFO ] Iteration: 123, Loss: 0.03854995762066
2018-02-20-16:05:49 [INFO ] Iteration: 124, Loss: 0.040191034128367
2018-02-20-16:05:51 [INFO ] Iteration: 125, Loss: 0.040688895851522
2018-02-20-16:05:54 [INFO ] Iteration: 126, Loss: 0.038354702677765
2018-02-20-16:05:57 [INFO ] Iteration: 127, Loss: 0.037752983524279
2018-02-20-16:05:59 [INFO ] Iteration: 128, Loss: 0.03759291020065
2018-02-20-16:06:02 [INFO ] Iteration: 129, Loss: 0.040938584057217
2018-02-20-16:06:05 [INFO ] Iteration: 130, Loss: 0.039152880262348
2018-02-20-16:06:07 [INFO ] Iteration: 131, Loss: 0.037068689977703
2018-02-20-16:06:10 [INFO ] Iteration: 132, Loss: 0.038852693033896
2018-02-20-16:06:13 [INFO ] Iteration: 133, Loss: 0.037716440358988
2018-02-20-16:06:16 [INFO ] Iteration: 134, Loss: 0.037425181709638
2018-02-20-16:06:19 [INFO ] Iteration: 135, Loss: 0.036749769781334
2018-02-20-16:06:22 [INFO ] Iteration: 136, Loss: 0.039134137208353
2018-02-20-16:06:25 [INFO ] Iteration: 137, Loss: 0.040258397694205
2018-02-20-16:06:27 [INFO ] Iteration: 138, Loss: 0.039145884098321
2018-02-20-16:06:30 [INFO ] Iteration: 139, Loss: 0.040787119501208
2018-02-20-16:06:33 [INFO ] Iteration: 140, Loss: 0.041493070680812
2018-02-20-16:06:35 [INFO ] Iteration: 141, Loss: 0.041625492337796
2018-02-20-16:06:38 [INFO ] Iteration: 142, Loss: 0.038611097070582
2018-02-20-16:06:41 [INFO ] Iteration: 143, Loss: 0.037621988638768
2018-02-20-16:06:44 [INFO ] Iteration: 144, Loss: 0.039294994924731
2018-02-20-16:06:47 [INFO ] Iteration: 145, Loss: 0.038521922552308
2018-02-20-16:06:49 [INFO ] Iteration: 146, Loss: 0.039842059062413
2018-02-20-16:06:52 [INFO ] Iteration: 147, Loss: 0.037966497827403
2018-02-20-16:06:55 [INFO ] Iteration: 148, Loss: 0.036595607005017
2018-02-20-16:06:57 [INFO ] Iteration: 149, Loss: 0.040931320325738
2018-02-20-16:07:00 [INFO ] Iteration: 150, Loss: 0.03686897230527
2018-02-20-16:07:03 [INFO ] Iteration: 151, Loss: 0.037859870121875
2018-02-20-16:07:07 [INFO ] Iteration: 152, Loss: 0.0404346345981
2018-02-20-16:07:09 [INFO ] Iteration: 153, Loss: 0.040602119344043
2018-02-20-16:07:12 [INFO ] Iteration: 154, Loss: 0.037071104539448
2018-02-20-16:07:14 [INFO ] Iteration: 155, Loss: 0.03926450926157
2018-02-20-16:07:17 [INFO ] Iteration: 156, Loss: 0.03881388791506
2018-02-20-16:07:20 [INFO ] Iteration: 157, Loss: 0.037135578712696
2018-02-20-16:07:22 [INFO ] Iteration: 158, Loss: 0.037956653931239
2018-02-20-16:07:25 [INFO ] Iteration: 159, Loss: 0.040556650607986
2018-02-20-16:07:28 [INFO ] Iteration: 160, Loss: 0.04101559454236
2018-02-20-16:07:30 [INFO ] Iteration: 161, Loss: 0.040984511528766
2018-02-20-16:07:33 [INFO ] Iteration: 162, Loss: 0.039013821956619
2018-02-20-16:07:36 [INFO ] Iteration: 163, Loss: 0.036544885314878
2018-02-20-16:07:39 [INFO ] Iteration: 164, Loss: 0.036542162485028
2018-02-20-16:07:42 [INFO ] Iteration: 165, Loss: 0.03594120546678
2018-02-20-16:07:44 [INFO ] Iteration: 166, Loss: 0.035693386285118
2018-02-20-16:07:47 [INFO ] Iteration: 167, Loss: 0.033511655496352
2018-02-20-16:07:50 [INFO ] Iteration: 168, Loss: 0.034542785223806
2018-02-20-16:07:52 [INFO ] Iteration: 169, Loss: 0.034341991700726
2018-02-20-16:07:55 [INFO ] Iteration: 170, Loss: 0.034095042158142
2018-02-20-16:07:58 [INFO ] Iteration: 171, Loss: 0.04356639963575
2018-02-20-16:08:01 [INFO ] Iteration: 172, Loss: 0.040226833150896
2018-02-20-16:08:04 [INFO ] Iteration: 173, Loss: 0.038239628469046
2018-02-20-16:08:06 [INFO ] Iteration: 174, Loss: 0.042023030171361
2018-02-20-16:08:09 [INFO ] Iteration: 175, Loss: 0.036364213648505
2018-02-20-16:08:12 [INFO ] Iteration: 176, Loss: 0.034033990836148
2018-02-20-16:08:15 [INFO ] Iteration: 177, Loss: 0.035774867877863
2018-02-20-16:08:18 [INFO ] Iteration: 178, Loss: 0.043892359613645
2018-02-20-16:08:20 [INFO ] Iteration: 179, Loss: 0.040388588086257
2018-02-20-16:08:23 [INFO ] Iteration: 180, Loss: 0.037341883151407
2018-02-20-16:08:26 [INFO ] Iteration: 181, Loss: 0.040108734124758
2018-02-20-16:08:28 [INFO ] Iteration: 182, Loss: 0.036183870698986
2018-02-20-16:08:31 [INFO ] Iteration: 183, Loss: 0.037294963941963
2018-02-20-16:08:34 [INFO ] Iteration: 184, Loss: 0.037040298852144
2018-02-20-16:08:37 [INFO ] Iteration: 185, Loss: 0.039981449707286
2018-02-20-16:08:40 [INFO ] Iteration: 186, Loss: 0.037677009260857
2018-02-20-16:08:42 [INFO ] Iteration: 187, Loss: 0.04235191482682
2018-02-20-16:08:45 [INFO ] Iteration: 188, Loss: 0.039587448666127
2018-02-20-16:08:48 [INFO ] Iteration: 189, Loss: 0.040494366007458
2018-02-20-16:08:51 [INFO ] Iteration: 190, Loss: 0.043296276350566
2018-02-20-16:08:54 [INFO ] Iteration: 191, Loss: 0.040794967845353
2018-02-20-16:08:56 [INFO ] Iteration: 192, Loss: 0.037948686172764
2018-02-20-16:08:59 [INFO ] Iteration: 193, Loss: 0.038803139151797
2018-02-20-16:09:02 [INFO ] Iteration: 194, Loss: 0.038471624714935
2018-02-20-16:09:04 [INFO ] Iteration: 195, Loss: 0.038464348911973
2018-02-20-16:09:08 [INFO ] Iteration: 196, Loss: 0.037504064232694
2018-02-20-16:09:11 [INFO ] Iteration: 197, Loss: 0.036773977623453
2018-02-20-16:09:14 [INFO ] Iteration: 198, Loss: 0.041454826106402
2018-02-20-16:09:16 [INFO ] Iteration: 199, Loss: 0.038647099573632
2018-02-20-16:09:19 [INFO ] Iteration: 200, Loss: 0.039793678519276
2018-02-20-16:09:22 [INFO ] Iteration: 201, Loss: 0.037822474507235
2018-02-20-16:09:24 [INFO ] Iteration: 202, Loss: 0.038556140025426
2018-02-20-16:09:27 [INFO ] Iteration: 203, Loss: 0.039165254981171
2018-02-20-16:09:29 [INFO ] Iteration: 204, Loss: 0.036146801508029
2018-02-20-16:09:33 [INFO ] Iteration: 205, Loss: 0.039954947445094
2018-02-20-16:09:36 [INFO ] Iteration: 206, Loss: 0.038648085919981
2018-02-20-16:09:38 [INFO ] Iteration: 207, Loss: 0.039874844856175
2018-02-20-16:09:41 [INFO ] Iteration: 208, Loss: 0.037557932157796
2018-02-20-16:09:44 [INFO ] Iteration: 209, Loss: 0.036562918816731
2018-02-20-16:09:46 [INFO ] Iteration: 210, Loss: 0.034395290484961
2018-02-20-16:09:49 [INFO ] Iteration: 211, Loss: 0.039854032377338
2018-02-20-16:09:51 [INFO ] Iteration: 212, Loss: 0.037678421288111
2018-02-20-16:09:54 [INFO ] Iteration: 213, Loss: 0.037856372550436
2018-02-20-16:09:57 [INFO ] Iteration: 214, Loss: 0.039264617329121
2018-02-20-16:09:59 [INFO ] Iteration: 215, Loss: 0.038092273013388
2018-02-20-16:10:03 [INFO ] Iteration: 216, Loss: 0.036500687407279
2018-02-20-16:10:06 [INFO ] Iteration: 217, Loss: 0.039706857990623
2018-02-20-16:10:09 [INFO ] Iteration: 218, Loss: 0.038352972152598
2018-02-20-16:10:11 [INFO ] Iteration: 219, Loss: 0.035296578739201
2018-02-20-16:10:14 [INFO ] Iteration: 220, Loss: 0.039067483600901
2018-02-20-16:10:17 [INFO ] Iteration: 221, Loss: 0.039066188339111
2018-02-20-16:10:19 [INFO ] Iteration: 222, Loss: 0.037235074743271
2018-02-20-16:10:22 [INFO ] Iteration: 223, Loss: 0.036398774214816
2018-02-20-16:10:25 [INFO ] Iteration: 224, Loss: 0.037067888587191
2018-02-20-16:10:27 [INFO ] Iteration: 225, Loss: 0.041478361509461
2018-02-20-16:10:30 [INFO ] Iteration: 226, Loss: 0.038317651159304
2018-02-20-16:10:32 [INFO ] Iteration: 227, Loss: 0.039532522023192
2018-02-20-16:10:35 [INFO ] Iteration: 228, Loss: 0.037908811501064
2018-02-20-16:10:38 [INFO ] Iteration: 229, Loss: 0.041878665352708
2018-02-20-16:10:40 [INFO ] Iteration: 230, Loss: 0.043302763360795
2018-02-20-16:10:43 [INFO ] Iteration: 231, Loss: 0.039311215555388
2018-02-20-16:10:46 [INFO ] Iteration: 232, Loss: 0.038969235781384
2018-02-20-16:10:48 [INFO ] Iteration: 233, Loss: 0.039855559094455
2018-02-20-16:10:51 [INFO ] Iteration: 234, Loss: 0.038941502517471
2018-02-20-16:10:54 [INFO ] Iteration: 235, Loss: 0.038548017613444
2018-02-20-16:10:56 [INFO ] Iteration: 236, Loss: 0.039009371954318
2018-02-20-16:10:59 [INFO ] Iteration: 237, Loss: 0.037216029710695
2018-02-20-16:11:02 [INFO ] Iteration: 238, Loss: 0.036222557620449
2018-02-20-16:11:04 [INFO ] Iteration: 239, Loss: 0.039087403859461
2018-02-20-16:11:07 [INFO ] Iteration: 240, Loss: 0.037987121406586
2018-02-20-16:11:10 [INFO ] Iteration: 241, Loss: 0.037943290475954
2018-02-20-16:11:12 [INFO ] Iteration: 242, Loss: 0.037195316146766
2018-02-20-16:11:15 [INFO ] Iteration: 243, Loss: 0.037475996277318
2018-02-20-16:11:17 [INFO ] Iteration: 244, Loss: 0.043468063345999
2018-02-20-16:11:20 [INFO ] Iteration: 245, Loss: 0.035843766178118
2018-02-20-16:11:23 [INFO ] Iteration: 246, Loss: 0.039655583129627
2018-02-20-16:11:25 [INFO ] Iteration: 247, Loss: 0.037518898249928
2018-02-20-16:11:28 [INFO ] Iteration: 248, Loss: 0.036996321716157
2018-02-20-16:11:31 [INFO ] Iteration: 249, Loss: 0.036228460583328
2018-02-20-16:11:33 [INFO ] Iteration: 250, Loss: 0.040731242154237
2018-02-20-16:11:36 [INFO ] Iteration: 251, Loss: 0.039578317868617
2018-02-20-16:11:39 [INFO ] Iteration: 252, Loss: 0.038330261121207
2018-02-20-16:11:41 [INFO ] Iteration: 253, Loss: 0.040310484784884
2018-02-20-16:11:44 [INFO ] Iteration: 254, Loss: 0.039011609275342
2018-02-20-16:11:47 [INFO ] Iteration: 255, Loss: 0.036564714102839
2018-02-20-16:11:49 [INFO ] Iteration: 256, Loss: 0.036550211302223
2018-02-20-16:11:52 [INFO ] Iteration: 257, Loss: 0.040104057637537
2018-02-20-16:11:55 [INFO ] Iteration: 258, Loss: 0.036803434476157
2018-02-20-16:11:57 [INFO ] Iteration: 259, Loss: 0.035512950452876
2018-02-20-16:12:00 [INFO ] Iteration: 260, Loss: 0.037017522242862
2018-02-20-16:12:03 [INFO ] Iteration: 261, Loss: 0.039509531529136
2018-02-20-16:12:05 [INFO ] Iteration: 262, Loss: 0.039068219634258
2018-02-20-16:12:08 [INFO ] Iteration: 263, Loss: 0.039885860883834
2018-02-20-16:12:11 [INFO ] Iteration: 264, Loss: 0.037281886396935
2018-02-20-16:12:13 [INFO ] Iteration: 265, Loss: 0.037464981013583
2018-02-20-16:12:16 [INFO ] Iteration: 266, Loss: 0.039313057890056
2018-02-20-16:12:18 [INFO ] Iteration: 267, Loss: 0.039713001593855
2018-02-20-16:12:21 [INFO ] Iteration: 268, Loss: 0.037936406703907
2018-02-20-16:12:24 [INFO ] Iteration: 269, Loss: 0.039894219899115
2018-02-20-16:12:26 [INFO ] Iteration: 270, Loss: 0.038088118561318
2018-02-20-16:12:29 [INFO ] Iteration: 271, Loss: 0.040610609487137
2018-02-20-16:12:32 [INFO ] Iteration: 272, Loss: 0.038025728751325
2018-02-20-16:12:34 [INFO ] Iteration: 273, Loss: 0.037734445480785
2018-02-20-16:12:37 [INFO ] Iteration: 274, Loss: 0.042364527179384
2018-02-20-16:12:40 [INFO ] Iteration: 275, Loss: 0.041000824132854
2018-02-20-16:12:42 [INFO ] Iteration: 276, Loss: 0.040111875897327
2018-02-20-16:12:45 [INFO ] Iteration: 277, Loss: 0.037465891473169
2018-02-20-16:12:48 [INFO ] Iteration: 278, Loss: 0.037886820218131
2018-02-20-16:12:50 [INFO ] Iteration: 279, Loss: 0.037752956342514
2018-02-20-16:12:53 [INFO ] Iteration: 280, Loss: 0.037955747101411
2018-02-20-16:12:56 [INFO ] Iteration: 281, Loss: 0.036792331037371
2018-02-20-16:12:58 [INFO ] Iteration: 282, Loss: 0.037251236329335
2018-02-20-16:13:01 [INFO ] Iteration: 283, Loss: 0.03729324444732
2018-02-20-16:13:04 [INFO ] Iteration: 284, Loss: 0.037842767920863
2018-02-20-16:13:06 [INFO ] Iteration: 285, Loss: 0.039897108603603
2018-02-20-16:13:09 [INFO ] Iteration: 286, Loss: 0.03642811252481
2018-02-20-16:13:11 [INFO ] Iteration: 287, Loss: 0.035217033220126
2018-02-20-16:13:14 [INFO ] Iteration: 288, Loss: 0.039081846339094
2018-02-20-16:13:17 [INFO ] Iteration: 289, Loss: 0.038257448126074
2018-02-20-16:13:19 [INFO ] Iteration: 290, Loss: 0.040988052658113
2018-02-20-16:13:22 [INFO ] Iteration: 291, Loss: 0.03878207638139
2018-02-20-16:13:25 [INFO ] Iteration: 292, Loss: 0.037919351576417
2018-02-20-16:13:27 [INFO ] Iteration: 293, Loss: 0.035870696383528
2018-02-20-16:13:30 [INFO ] Iteration: 294, Loss: 0.038849572789734
2018-02-20-16:13:33 [INFO ] Iteration: 295, Loss: 0.038192957646854
2018-02-20-16:13:35 [INFO ] Iteration: 296, Loss: 0.037949839425799
2018-02-20-16:13:38 [INFO ] Iteration: 297, Loss: 0.039769491575383
2018-02-20-16:13:41 [INFO ] Iteration: 298, Loss: 0.03856601852074
2018-02-20-16:13:43 [INFO ] Iteration: 299, Loss: 0.037770623594396
2018-02-20-16:13:46 [INFO ] Iteration: 300, Loss: 0.038128070296953
2018-02-20-16:13:49 [INFO ] Iteration: 301, Loss: 0.037656644651635
2018-02-20-16:13:51 [INFO ] Iteration: 302, Loss: 0.0361682198637
2018-02-20-16:13:54 [INFO ] Iteration: 303, Loss: 0.037218573283035
2018-02-20-16:13:57 [INFO ] Iteration: 304, Loss: 0.03815316336752
2018-02-20-16:13:59 [INFO ] Iteration: 305, Loss: 0.037374362893007
2018-02-20-16:14:02 [INFO ] Iteration: 306, Loss: 0.038288631508045
2018-02-20-16:14:04 [INFO ] Iteration: 307, Loss: 0.04010661559762
2018-02-20-16:14:07 [INFO ] Iteration: 308, Loss: 0.038169863705941
2018-02-20-16:14:10 [INFO ] Iteration: 309, Loss: 0.036737422984903
2018-02-20-16:14:12 [INFO ] Iteration: 310, Loss: 0.036168046887885
2018-02-20-16:14:15 [INFO ] Iteration: 311, Loss: 0.035400201094921
2018-02-20-16:14:18 [INFO ] Iteration: 312, Loss: 0.038540600026948
2018-02-20-16:14:20 [INFO ] Iteration: 313, Loss: 0.038643810301119
2018-02-20-16:14:23 [INFO ] Iteration: 314, Loss: 0.04104670843677
2018-02-20-16:14:26 [INFO ] Iteration: 315, Loss: 0.039466202374569
2018-02-20-16:14:28 [INFO ] Iteration: 316, Loss: 0.038189244446224
2018-02-20-16:14:31 [INFO ] Iteration: 317, Loss: 0.037655341870762
2018-02-20-16:14:34 [INFO ] Iteration: 318, Loss: 0.038952278499745
2018-02-20-16:14:36 [INFO ] Iteration: 319, Loss: 0.039093769068062
2018-02-20-16:14:39 [INFO ] Iteration: 320, Loss: 0.037752481826571
2018-02-20-16:14:41 [INFO ] Iteration: 321, Loss: 0.037728404379665
2018-02-20-16:14:44 [INFO ] Iteration: 322, Loss: 0.035884971932499
2018-02-20-16:14:47 [INFO ] Iteration: 323, Loss: 0.036952991119507
2018-02-20-16:14:49 [INFO ] Iteration: 324, Loss: 0.035328354207693
2018-02-20-16:14:52 [INFO ] Iteration: 325, Loss: 0.037631307253781
2018-02-20-16:14:55 [INFO ] Iteration: 326, Loss: 0.037750806607055
2018-02-20-16:14:57 [INFO ] Iteration: 327, Loss: 0.04146609560567
2018-02-20-16:15:00 [INFO ] Iteration: 328, Loss: 0.036312574167748
2018-02-20-16:15:03 [INFO ] Iteration: 329, Loss: 0.041930615159416
2018-02-20-16:15:05 [INFO ] Iteration: 330, Loss: 0.03766913016503
2018-02-20-16:15:08 [INFO ] Iteration: 331, Loss: 0.039199162073721
2018-02-20-16:15:11 [INFO ] Iteration: 332, Loss: 0.03755675172963
2018-02-20-16:15:13 [INFO ] Iteration: 333, Loss: 0.03637618783155
2018-02-20-16:15:16 [INFO ] Iteration: 334, Loss: 0.040383607223437
2018-02-20-16:15:19 [INFO ] Iteration: 335, Loss: 0.035334642936152
2018-02-20-16:15:21 [INFO ] Iteration: 336, Loss: 0.039777515206241
2018-02-20-16:15:24 [INFO ] Iteration: 337, Loss: 0.036726109047497
2018-02-20-16:15:27 [INFO ] Iteration: 338, Loss: 0.039192584241308
2018-02-20-16:15:29 [INFO ] Iteration: 339, Loss: 0.037524553999011
2018-02-20-16:15:32 [INFO ] Iteration: 340, Loss: 0.037314714551173
2018-02-20-16:15:34 [INFO ] Iteration: 341, Loss: 0.037203495571061
2018-02-20-16:15:37 [INFO ] Iteration: 342, Loss: 0.035254170242013
2018-02-20-16:15:40 [INFO ] Iteration: 343, Loss: 0.038346982024162
2018-02-20-16:15:42 [INFO ] Iteration: 344, Loss: 0.035827828986135
2018-02-20-16:15:45 [INFO ] Iteration: 345, Loss: 0.03698999357294
2018-02-20-16:15:48 [INFO ] Iteration: 346, Loss: 0.040271707086895
2018-02-20-16:15:51 [INFO ] Iteration: 347, Loss: 0.037706775937579
2018-02-20-16:15:53 [INFO ] Iteration: 348, Loss: 0.03666032461354
2018-02-20-16:15:56 [INFO ] Iteration: 349, Loss: 0.040358310504143
2018-02-20-16:15:59 [INFO ] Iteration: 350, Loss: 0.039916244085432
2018-02-20-16:16:01 [INFO ] Iteration: 351, Loss: 0.039444610894517
2018-02-20-16:16:04 [INFO ] Iteration: 352, Loss: 0.039463770876732
2018-02-20-16:16:07 [INFO ] Iteration: 353, Loss: 0.038974247183718
2018-02-20-16:16:09 [INFO ] Iteration: 354, Loss: 0.040162689276617
2018-02-20-16:16:12 [INFO ] Iteration: 355, Loss: 0.038154827872863
2018-02-20-16:16:15 [INFO ] Iteration: 356, Loss: 0.034759220302974
2018-02-20-16:16:17 [INFO ] Iteration: 357, Loss: 0.03614045457175
2018-02-20-16:16:20 [INFO ] Iteration: 358, Loss: 0.038770967164194
2018-02-20-16:16:22 [INFO ] Iteration: 359, Loss: 0.039549452400456
2018-02-20-16:16:25 [INFO ] Iteration: 360, Loss: 0.037127798923381
2018-02-20-16:16:28 [INFO ] Iteration: 361, Loss: 0.039559986306424
2018-02-20-16:16:30 [INFO ] Iteration: 362, Loss: 0.038912278364249
2018-02-20-16:16:33 [INFO ] Iteration: 363, Loss: 0.038799773425916
2018-02-20-16:16:36 [INFO ] Iteration: 364, Loss: 0.035802894500151
2018-02-20-16:16:38 [INFO ] Iteration: 365, Loss: 0.034211512585834
2018-02-20-16:16:41 [INFO ] Iteration: 366, Loss: 0.037221919139381
2018-02-20-16:16:44 [INFO ] Iteration: 367, Loss: 0.038590229406839
2018-02-20-16:16:46 [INFO ] Iteration: 368, Loss: 0.038466886037412
2018-02-20-16:16:49 [INFO ] Iteration: 369, Loss: 0.034259410964206
2018-02-20-16:16:52 [INFO ] Iteration: 370, Loss: 0.034836970965593
2018-02-20-16:16:54 [INFO ] Iteration: 371, Loss: 0.039950560749614
2018-02-20-16:16:57 [INFO ] Iteration: 372, Loss: 0.037204087220137
2018-02-20-16:17:00 [INFO ] Iteration: 373, Loss: 0.03669413268795
2018-02-20-16:17:02 [INFO ] Iteration: 374, Loss: 0.034596958061171
2018-02-20-16:17:05 [INFO ] Iteration: 375, Loss: 0.03819377096462
2018-02-20-16:17:08 [INFO ] Iteration: 376, Loss: 0.037142521794576
2018-02-20-16:17:10 [INFO ] Iteration: 377, Loss: 0.039413681223653
2018-02-20-16:17:13 [INFO ] Iteration: 378, Loss: 0.040173780769344
2018-02-20-16:17:15 [INFO ] Iteration: 379, Loss: 0.040460543094487
2018-02-20-16:17:18 [INFO ] Iteration: 380, Loss: 0.040596381993819
2018-02-20-16:17:21 [INFO ] Iteration: 381, Loss: 0.039299792977521
2018-02-20-16:17:23 [INFO ] Iteration: 382, Loss: 0.037336405813437
2018-02-20-16:17:26 [INFO ] Iteration: 383, Loss: 0.040231730986911
2018-02-20-16:17:29 [INFO ] Iteration: 384, Loss: 0.03785409949678
2018-02-20-16:17:31 [INFO ] Iteration: 385, Loss: 0.039569386461393
2018-02-20-16:17:34 [INFO ] Iteration: 386, Loss: 0.036740120288378
2018-02-20-16:17:37 [INFO ] Iteration: 387, Loss: 0.038147989202298
2018-02-20-16:17:40 [INFO ] Iteration: 388, Loss: 0.038961615652229
2018-02-20-16:17:42 [INFO ] Iteration: 389, Loss: 0.036842180695984
2018-02-20-16:17:45 [INFO ] Iteration: 390, Loss: 0.037088510221048
2018-02-20-16:17:48 [INFO ] Iteration: 391, Loss: 0.035809440055868
2018-02-20-16:17:51 [INFO ] Iteration: 392, Loss: 0.034354355631263
2018-02-20-16:17:54 [INFO ] Iteration: 393, Loss: 0.040128518991543
2018-02-20-16:17:56 [INFO ] Iteration: 394, Loss: 0.038200971675727
2018-02-20-16:17:59 [INFO ] Iteration: 395, Loss: 0.039983602412509
2018-02-20-16:18:01 [INFO ] Iteration: 396, Loss: 0.036342483981022
2018-02-20-16:18:04 [INFO ] Iteration: 397, Loss: 0.035838839544419
2018-02-20-16:18:07 [INFO ] Iteration: 398, Loss: 0.037832052117345
2018-02-20-16:18:09 [INFO ] Iteration: 399, Loss: 0.040219757898435
2018-02-20-16:18:12 [INFO ] Iteration: 400, Loss: 0.04014397522272
2018-02-20-16:18:15 [INFO ] Iteration: 401, Loss: 0.03887421753551
2018-02-20-16:18:17 [INFO ] Iteration: 402, Loss: 0.037941584970497
2018-02-20-16:18:20 [INFO ] Iteration: 403, Loss: 0.038219917183871
2018-02-20-16:18:23 [INFO ] Iteration: 404, Loss: 0.036674284980449
2018-02-20-16:18:25 [INFO ] Iteration: 405, Loss: 0.035868142570838
2018-02-20-16:18:28 [INFO ] Iteration: 406, Loss: 0.033944263423014
2018-02-20-16:18:31 [INFO ] Iteration: 407, Loss: 0.038797965164125
2018-02-20-16:18:33 [INFO ] Iteration: 408, Loss: 0.038681778813283
2018-02-20-16:18:36 [INFO ] Iteration: 409, Loss: 0.040044300226281
2018-02-20-16:18:39 [INFO ] Iteration: 410, Loss: 0.037105640305836
2018-02-20-16:18:41 [INFO ] Iteration: 411, Loss: 0.0368324384863
2018-02-20-16:18:44 [INFO ] Iteration: 412, Loss: 0.036048039413908
2018-02-20-16:18:47 [INFO ] Iteration: 413, Loss: 0.037260698514315
2018-02-20-16:18:49 [INFO ] Iteration: 414, Loss: 0.036782405800406
2018-02-20-16:18:52 [INFO ] Iteration: 415, Loss: 0.037775919432764
2018-02-20-16:18:55 [INFO ] Iteration: 416, Loss: 0.04007972645375
2018-02-20-16:18:57 [INFO ] Iteration: 417, Loss: 0.036911230463708
2018-02-20-16:19:00 [INFO ] Iteration: 418, Loss: 0.039747083727965
2018-02-20-16:19:02 [INFO ] Iteration: 419, Loss: 0.037486538654329
2018-02-20-16:19:05 [INFO ] Iteration: 420, Loss: 0.03928690627903
2018-02-20-16:19:08 [INFO ] Iteration: 421, Loss: 0.036246965740633
2018-02-20-16:19:10 [INFO ] Iteration: 422, Loss: 0.036190285646121
2018-02-20-16:19:13 [INFO ] Iteration: 423, Loss: 0.03804189484508
2018-02-20-16:19:16 [INFO ] Iteration: 424, Loss: 0.038704836746693
2018-02-20-16:19:18 [INFO ] Iteration: 425, Loss: 0.037103759742844
2018-02-20-16:19:21 [INFO ] Iteration: 426, Loss: 0.039009694828394
2018-02-20-16:19:24 [INFO ] Iteration: 427, Loss: 0.03846267540103
2018-02-20-16:19:26 [INFO ] Iteration: 428, Loss: 0.04094780163389
2018-02-20-16:19:29 [INFO ] Iteration: 429, Loss: 0.038026730166774
2018-02-20-16:19:32 [INFO ] Iteration: 430, Loss: 0.039265167897724
2018-02-20-16:19:34 [INFO ] Iteration: 431, Loss: 0.037478110440936
2018-02-20-16:19:37 [INFO ] Iteration: 432, Loss: 0.038191576858473
2018-02-20-16:19:40 [INFO ] Iteration: 433, Loss: 0.038495310580405
2018-02-20-16:19:42 [INFO ] Iteration: 434, Loss: 0.036521095266209
2018-02-20-16:19:45 [INFO ] Iteration: 435, Loss: 0.038116923606621
2018-02-20-16:19:48 [INFO ] Iteration: 436, Loss: 0.036292860605278
2018-02-20-16:19:50 [INFO ] Iteration: 437, Loss: 0.034586546288242
2018-02-20-16:19:53 [INFO ] Iteration: 438, Loss: 0.03757153594269
2018-02-20-16:19:55 [INFO ] Iteration: 439, Loss: 0.035839086300025
2018-02-20-16:19:58 [INFO ] Iteration: 440, Loss: 0.037618689902618
2018-02-20-16:20:01 [INFO ] Iteration: 441, Loss: 0.039226926877773
2018-02-20-16:20:03 [INFO ] Iteration: 442, Loss: 0.035930263490492
2018-02-20-16:20:06 [INFO ] Iteration: 443, Loss: 0.040577762036755
2018-02-20-16:20:09 [INFO ] Iteration: 444, Loss: 0.041563492846212
2018-02-20-16:20:11 [INFO ] Iteration: 445, Loss: 0.036913371374626
2018-02-20-16:20:14 [INFO ] Iteration: 446, Loss: 0.038291749760432
2018-02-20-16:20:17 [INFO ] Iteration: 447, Loss: 0.037751104283506
2018-02-20-16:20:19 [INFO ] Iteration: 448, Loss: 0.037485478185597
2018-02-20-16:20:22 [INFO ] Iteration: 449, Loss: 0.035803873590017
2018-02-20-16:20:24 [INFO ] Iteration: 450, Loss: 0.038218104019815
2018-02-20-16:20:27 [INFO ] Iteration: 451, Loss: 0.037654782289968
2018-02-20-16:20:30 [INFO ] Iteration: 452, Loss: 0.037395636085343
2018-02-20-16:20:32 [INFO ] Iteration: 453, Loss: 0.037788792557293
2018-02-20-16:20:35 [INFO ] Iteration: 454, Loss: 0.037361812207193
2018-02-20-16:20:37 [INFO ] Iteration: 455, Loss: 0.039447505484385
2018-02-20-16:20:40 [INFO ] Iteration: 456, Loss: 0.036219039328183
2018-02-20-16:20:42 [INFO ] Iteration: 457, Loss: 0.034799417310673
2018-02-20-16:20:45 [INFO ] Iteration: 458, Loss: 0.03892743294544
2018-02-20-16:20:48 [INFO ] Iteration: 459, Loss: 0.03725789274617
2018-02-20-16:20:50 [INFO ] Iteration: 460, Loss: 0.035406744927456
2018-02-20-16:20:53 [INFO ] Iteration: 461, Loss: 0.037021374616082
2018-02-20-16:20:55 [INFO ] Iteration: 462, Loss: 0.038356584588226
2018-02-20-16:20:58 [INFO ] Iteration: 463, Loss: 0.038876859706777
2018-02-20-16:21:01 [INFO ] Iteration: 464, Loss: 0.036424528626039
2018-02-20-16:21:03 [INFO ] Iteration: 465, Loss: 0.034542851566227
2018-02-20-16:21:06 [INFO ] Iteration: 466, Loss: 0.038392203847737
2018-02-20-16:21:08 [INFO ] Iteration: 467, Loss: 0.039843551049213
2018-02-20-16:21:11 [INFO ] Iteration: 468, Loss: 0.03595780159262
2018-02-20-16:21:13 [INFO ] Iteration: 469, Loss: 0.036261122199959
2018-02-20-16:21:16 [INFO ] Iteration: 470, Loss: 0.036149442182569
2018-02-20-16:21:19 [INFO ] Iteration: 471, Loss: 0.037501457411802
2018-02-20-16:21:21 [INFO ] Iteration: 472, Loss: 0.03509622553515
2018-02-20-16:21:24 [INFO ] Iteration: 473, Loss: 0.037832537458486
2018-02-20-16:21:26 [INFO ] Iteration: 474, Loss: 0.036208435756178
2018-02-20-16:21:29 [INFO ] Iteration: 475, Loss: 0.038706779054825
2018-02-20-16:21:31 [INFO ] Iteration: 476, Loss: 0.037238286699464
2018-02-20-16:21:34 [INFO ] Iteration: 477, Loss: 0.040572817758595
2018-02-20-16:21:37 [INFO ] Iteration: 478, Loss: 0.036384106853402
2018-02-20-16:21:39 [INFO ] Iteration: 479, Loss: 0.035324982798261
2018-02-20-16:21:42 [INFO ] Iteration: 480, Loss: 0.041321420648575
2018-02-20-16:21:44 [INFO ] Iteration: 481, Loss: 0.035847074628186
2018-02-20-16:21:47 [INFO ] Iteration: 482, Loss: 0.038558641403372
2018-02-20-16:21:49 [INFO ] Iteration: 483, Loss: 0.038429737426639
2018-02-20-16:21:52 [INFO ] Iteration: 484, Loss: 0.03696699784308
2018-02-20-16:21:55 [INFO ] Iteration: 485, Loss: 0.035568246187544
2018-02-20-16:21:57 [INFO ] Iteration: 486, Loss: 0.03792193585993
2018-02-20-16:22:00 [INFO ] Iteration: 487, Loss: 0.039636914171242
2018-02-20-16:22:03 [INFO ] Iteration: 488, Loss: 0.038133513666503
2018-02-20-16:22:05 [INFO ] Iteration: 489, Loss: 0.038478724386654
2018-02-20-16:22:08 [INFO ] Iteration: 490, Loss: 0.038951586545766
2018-02-20-16:22:11 [INFO ] Iteration: 491, Loss: 0.038491056443623
2018-02-20-16:22:13 [INFO ] Iteration: 492, Loss: 0.036833001269448
2018-02-20-16:22:16 [INFO ] Iteration: 493, Loss: 0.038066499568872
2018-02-20-16:22:19 [INFO ] Iteration: 494, Loss: 0.035962446770925
2018-02-20-16:22:21 [INFO ] Iteration: 495, Loss: 0.035877016355837
2018-02-20-16:22:24 [INFO ] Iteration: 496, Loss: 0.035947538906944
2018-02-20-16:22:26 [INFO ] Iteration: 497, Loss: 0.038136590886194
2018-02-20-16:22:29 [INFO ] Iteration: 498, Loss: 0.036087164585342
2018-02-20-16:22:32 [INFO ] Iteration: 499, Loss: 0.037100508895784
2018-02-20-16:22:34 [INFO ] Iteration: 500, Loss: 0.033744788303569
2018-02-20-16:22:34 [INFO ] Maximum iterations reached in Gradient Descent. Loss = 0.033744788303569
