2018-02-20-18:41:54 [DEBUG] Initializing the Model
2018-02-20-18:41:54 [DEBUG] Initializing Linear Layer
2018-02-20-18:41:54 [DEBUG] Initializing BatchNormalization Layer
2018-02-20-18:41:54 [DEBUG] Initializing ReLU Layer
2018-02-20-18:41:54 [DEBUG] Initializing Linear Layer
2018-02-20-18:41:54 [DEBUG] Initializing BatchNormalization Layer
2018-02-20-18:41:54 [DEBUG] Initializing ReLU Layer
2018-02-20-18:41:54 [DEBUG] Initializing Linear Layer
2018-02-20-18:41:54 [DEBUG] Initializing Criterion Layer
2018-02-20-18:41:54 [INFO ] Model
[
	(1) -->	Linear: (11664 -> 50) with bias
	(2) -->	BatchNormalization
	(3) -->	ReLU
	(4) -->	Linear: (50 -> 10) with bias
	(5) -->	BatchNormalization
	(6) -->	ReLU
	(7) -->	Linear: (10 -> 6) with bias
]
2018-02-20-18:41:54 [INFO ] Learning Rate = 1
2018-02-20-18:41:54 [INFO ] Iterations = 500
2018-02-20-18:41:54 [INFO ] Batch Size = 1200
2018-02-20-18:41:54 [DEBUG] Beginning Gradient Descent
2018-02-20-18:42:01 [INFO ] Iteration: 1, Loss: 1.8850191849284
2018-02-20-18:42:09 [INFO ] Iteration: 2, Loss: 1.8583820721735
2018-02-20-18:42:17 [INFO ] Iteration: 3, Loss: 1.8190431280528
2018-02-20-18:42:23 [INFO ] Iteration: 4, Loss: 1.8275037938135
2018-02-20-18:42:31 [INFO ] Iteration: 5, Loss: 1.817384692221
2018-02-20-18:42:37 [INFO ] Iteration: 6, Loss: 1.8176756824066
2018-02-20-18:42:45 [INFO ] Iteration: 7, Loss: 1.8062888819173
2018-02-20-18:42:52 [INFO ] Iteration: 8, Loss: 1.8017446841568
2018-02-20-18:43:00 [INFO ] Iteration: 9, Loss: 1.8065040345593
2018-02-20-18:43:06 [INFO ] Iteration: 10, Loss: 1.8018208949601
2018-02-20-18:43:13 [INFO ] Iteration: 11, Loss: 1.805407186561
2018-02-20-18:43:21 [INFO ] Iteration: 12, Loss: 1.8031510473114
2018-02-20-18:43:28 [INFO ] Iteration: 13, Loss: 1.7953545667941
2018-02-20-18:43:36 [INFO ] Iteration: 14, Loss: 1.8010353683629
2018-02-20-18:43:43 [INFO ] Iteration: 15, Loss: 1.7989303245526
2018-02-20-18:43:50 [INFO ] Iteration: 16, Loss: 1.7988330702973
2018-02-20-18:43:58 [INFO ] Iteration: 17, Loss: 1.795343727515
2018-02-20-18:44:05 [INFO ] Iteration: 18, Loss: 1.7956685113026
2018-02-20-18:44:12 [INFO ] Iteration: 19, Loss: 1.8020457863293
2018-02-20-18:44:19 [INFO ] Iteration: 20, Loss: 1.7980133523992
2018-02-20-18:44:26 [INFO ] Iteration: 21, Loss: 1.7941055689315
2018-02-20-18:44:34 [INFO ] Iteration: 22, Loss: 1.7968845941518
2018-02-20-18:44:41 [INFO ] Iteration: 23, Loss: 1.7973964676679
2018-02-20-18:44:48 [INFO ] Iteration: 24, Loss: 1.7979050624602
2018-02-20-18:44:56 [INFO ] Iteration: 25, Loss: 1.7993173559939
2018-02-20-18:45:03 [INFO ] Iteration: 26, Loss: 1.7970020822797
2018-02-20-18:45:10 [INFO ] Iteration: 27, Loss: 1.7947551964936
2018-02-20-18:45:18 [INFO ] Iteration: 28, Loss: 1.7983850304841
2018-02-20-18:45:25 [INFO ] Iteration: 29, Loss: 1.7998860773507
2018-02-20-18:45:33 [INFO ] Iteration: 30, Loss: 1.7933251145761
2018-02-20-18:45:40 [INFO ] Iteration: 31, Loss: 1.7974030841052
2018-02-20-18:45:47 [INFO ] Iteration: 32, Loss: 1.7946239353418
2018-02-20-18:45:55 [INFO ] Iteration: 33, Loss: 1.7932452412509
2018-02-20-18:46:02 [INFO ] Iteration: 34, Loss: 1.7917034996901
2018-02-20-18:46:09 [INFO ] Iteration: 35, Loss: 1.7949681556804
2018-02-20-18:46:17 [INFO ] Iteration: 36, Loss: 1.7980452967719
2018-02-20-18:46:24 [INFO ] Iteration: 37, Loss: 1.7944905362021
2018-02-20-18:46:31 [INFO ] Iteration: 38, Loss: 1.7957093317368
2018-02-20-18:46:38 [INFO ] Iteration: 39, Loss: 1.7953934946343
2018-02-20-18:46:46 [INFO ] Iteration: 40, Loss: 1.7941329632501
2018-02-20-18:46:53 [INFO ] Iteration: 41, Loss: 1.7956058510762
2018-02-20-18:47:00 [INFO ] Iteration: 42, Loss: 1.7941234065006
2018-02-20-18:47:07 [INFO ] Iteration: 43, Loss: 1.7961539231369
2018-02-20-18:47:15 [INFO ] Iteration: 44, Loss: 1.7943041527442
2018-02-20-18:47:22 [INFO ] Iteration: 45, Loss: 1.7952559434316
2018-02-20-18:47:29 [INFO ] Iteration: 46, Loss: 1.7960127926555
2018-02-20-18:47:37 [INFO ] Iteration: 47, Loss: 1.7971192068433
2018-02-20-18:47:44 [INFO ] Iteration: 48, Loss: 1.7905288798227
2018-02-20-18:47:51 [INFO ] Iteration: 49, Loss: 1.7961368609903
2018-02-20-18:47:58 [INFO ] Iteration: 50, Loss: 1.7943374257931
2018-02-20-18:48:05 [INFO ] Iteration: 51, Loss: 1.7949780661745
2018-02-20-18:48:13 [INFO ] Iteration: 52, Loss: 1.7954793984335
2018-02-20-18:48:20 [INFO ] Iteration: 53, Loss: 1.795011070837
2018-02-20-18:48:28 [INFO ] Iteration: 54, Loss: 1.793303859284
2018-02-20-18:48:35 [INFO ] Iteration: 55, Loss: 1.7924081822587
2018-02-20-18:48:43 [INFO ] Iteration: 56, Loss: 1.7958689592305
2018-02-20-18:48:50 [INFO ] Iteration: 57, Loss: 1.7966111555661
2018-02-20-18:48:57 [INFO ] Iteration: 58, Loss: 1.7966554542661
2018-02-20-18:49:05 [INFO ] Iteration: 59, Loss: 1.794832876229
2018-02-20-18:49:12 [INFO ] Iteration: 60, Loss: 1.7961647529172
2018-02-20-18:49:18 [INFO ] Iteration: 61, Loss: 1.7943567505057
2018-02-20-18:49:25 [INFO ] Iteration: 62, Loss: 1.7952385586027
2018-02-20-18:49:32 [INFO ] Iteration: 63, Loss: 1.7952934337839
2018-02-20-18:49:38 [INFO ] Iteration: 64, Loss: 1.7941590518953
2018-02-20-18:49:44 [INFO ] Iteration: 65, Loss: 1.7966100821444
2018-02-20-18:49:51 [INFO ] Iteration: 66, Loss: 1.7968996294138
2018-02-20-18:49:57 [INFO ] Iteration: 67, Loss: 1.7930101386887
2018-02-20-18:50:03 [INFO ] Iteration: 68, Loss: 1.795245013622
2018-02-20-18:50:09 [INFO ] Iteration: 69, Loss: 1.7915661669284
2018-02-20-18:50:16 [INFO ] Iteration: 70, Loss: 1.7961429799332
2018-02-20-18:50:22 [INFO ] Iteration: 71, Loss: 1.7948978064376
2018-02-20-18:50:28 [INFO ] Iteration: 72, Loss: 1.7936385421908
2018-02-20-18:50:34 [INFO ] Iteration: 73, Loss: 1.792909785976
2018-02-20-18:50:40 [INFO ] Iteration: 74, Loss: 1.7954119213172
2018-02-20-18:50:47 [INFO ] Iteration: 75, Loss: 1.7942263298692
2018-02-20-18:50:53 [INFO ] Iteration: 76, Loss: 1.7971549852938
2018-02-20-18:50:59 [INFO ] Iteration: 77, Loss: 1.7925927114334
2018-02-20-18:51:06 [INFO ] Iteration: 78, Loss: 1.794825473249
2018-02-20-18:51:12 [INFO ] Iteration: 79, Loss: 1.7940405037246
2018-02-20-18:51:18 [INFO ] Iteration: 80, Loss: 1.794466971153
2018-02-20-18:51:25 [INFO ] Iteration: 81, Loss: 1.7928435568667
2018-02-20-18:51:31 [INFO ] Iteration: 82, Loss: 1.7951624100096
2018-02-20-18:51:37 [INFO ] Iteration: 83, Loss: 1.7936853296314
2018-02-20-18:51:43 [INFO ] Iteration: 84, Loss: 1.7942550961583
2018-02-20-18:51:49 [INFO ] Iteration: 85, Loss: 1.7919144629961
2018-02-20-18:51:56 [INFO ] Iteration: 86, Loss: 1.7951809584551
2018-02-20-18:52:02 [INFO ] Iteration: 87, Loss: 1.7953719333967
2018-02-20-18:52:08 [INFO ] Iteration: 88, Loss: 1.7961047559802
2018-02-20-18:52:14 [INFO ] Iteration: 89, Loss: 1.7970240767985
2018-02-20-18:52:21 [INFO ] Iteration: 90, Loss: 1.7944395826978
2018-02-20-18:52:27 [INFO ] Iteration: 91, Loss: 1.795642154963
2018-02-20-18:52:33 [INFO ] Iteration: 92, Loss: 1.7942900535695
2018-02-20-18:52:39 [INFO ] Iteration: 93, Loss: 1.7969862795696
2018-02-20-18:52:46 [INFO ] Iteration: 94, Loss: 1.795049340743
2018-02-20-18:52:52 [INFO ] Iteration: 95, Loss: 1.7963492311184
2018-02-20-18:52:58 [INFO ] Iteration: 96, Loss: 1.7946572697061
2018-02-20-18:53:04 [INFO ] Iteration: 97, Loss: 1.7938523223765
2018-02-20-18:53:10 [INFO ] Iteration: 98, Loss: 1.7932607139512
2018-02-20-18:53:17 [INFO ] Iteration: 99, Loss: 1.7937193597338
2018-02-20-18:53:23 [INFO ] Iteration: 100, Loss: 1.7936091736392
2018-02-20-18:53:29 [INFO ] Iteration: 101, Loss: 1.7929572205001
2018-02-20-18:53:35 [INFO ] Iteration: 102, Loss: 1.793843045674
2018-02-20-18:53:41 [INFO ] Iteration: 103, Loss: 1.7937255144854
2018-02-20-18:53:48 [INFO ] Iteration: 104, Loss: 1.7940709368152
2018-02-20-18:53:54 [INFO ] Iteration: 105, Loss: 1.7948565303194
2018-02-20-18:54:00 [INFO ] Iteration: 106, Loss: 1.7939764282755
2018-02-20-18:54:06 [INFO ] Iteration: 107, Loss: 1.7952259906344
2018-02-20-18:54:13 [INFO ] Iteration: 108, Loss: 1.7933895211146
2018-02-20-18:54:19 [INFO ] Iteration: 109, Loss: 1.7926156743518
2018-02-20-18:54:25 [INFO ] Iteration: 110, Loss: 1.7942897047205
2018-02-20-18:54:31 [INFO ] Iteration: 111, Loss: 1.7928432217813
2018-02-20-18:54:38 [INFO ] Iteration: 112, Loss: 1.793408741845
2018-02-20-18:54:44 [INFO ] Iteration: 113, Loss: 1.7933916676288
2018-02-20-18:54:50 [INFO ] Iteration: 114, Loss: 1.7938213443941
2018-02-20-18:54:57 [INFO ] Iteration: 115, Loss: 1.7938406426963
2018-02-20-18:55:03 [INFO ] Iteration: 116, Loss: 1.7948129020036
2018-02-20-18:55:09 [INFO ] Iteration: 117, Loss: 1.7929613830207
2018-02-20-18:55:16 [INFO ] Iteration: 118, Loss: 1.7934988371116
2018-02-20-18:55:22 [INFO ] Iteration: 119, Loss: 1.7938470924651
2018-02-20-18:55:28 [INFO ] Iteration: 120, Loss: 1.7950759979001
2018-02-20-18:55:34 [INFO ] Iteration: 121, Loss: 1.7930008036166
2018-02-20-18:55:41 [INFO ] Iteration: 122, Loss: 1.7952594328107
2018-02-20-18:55:47 [INFO ] Iteration: 123, Loss: 1.7944340618896
2018-02-20-18:55:53 [INFO ] Iteration: 124, Loss: 1.7929230414255
2018-02-20-18:56:00 [INFO ] Iteration: 125, Loss: 1.7944805500172
2018-02-20-18:56:06 [INFO ] Iteration: 126, Loss: 1.7937952992654
2018-02-20-18:56:12 [INFO ] Iteration: 127, Loss: 1.7931369359434
2018-02-20-18:56:19 [INFO ] Iteration: 128, Loss: 1.7942781736906
2018-02-20-18:56:25 [INFO ] Iteration: 129, Loss: 1.793881967094
2018-02-20-18:56:31 [INFO ] Iteration: 130, Loss: 1.793774345686
2018-02-20-18:56:37 [INFO ] Iteration: 131, Loss: 1.7934884123824
2018-02-20-18:56:44 [INFO ] Iteration: 132, Loss: 1.7920873313525
2018-02-20-18:56:50 [INFO ] Iteration: 133, Loss: 1.793839644283
2018-02-20-18:56:56 [INFO ] Iteration: 134, Loss: 1.7931600698435
2018-02-20-18:57:02 [INFO ] Iteration: 135, Loss: 1.79571897012
2018-02-20-18:57:09 [INFO ] Iteration: 136, Loss: 1.7940838453272
2018-02-20-18:57:15 [INFO ] Iteration: 137, Loss: 1.7940390317786
2018-02-20-18:57:21 [INFO ] Iteration: 138, Loss: 1.7944107478606
2018-02-20-18:57:28 [INFO ] Iteration: 139, Loss: 1.79480051802
2018-02-20-18:57:34 [INFO ] Iteration: 140, Loss: 1.7934624802001
2018-02-20-18:57:40 [INFO ] Iteration: 141, Loss: 1.7925946351422
2018-02-20-18:57:46 [INFO ] Iteration: 142, Loss: 1.7933813317543
2018-02-20-18:57:52 [INFO ] Iteration: 143, Loss: 1.7943273267896
2018-02-20-18:57:59 [INFO ] Iteration: 144, Loss: 1.794316435627
2018-02-20-18:58:05 [INFO ] Iteration: 145, Loss: 1.7935321549363
2018-02-20-18:58:11 [INFO ] Iteration: 146, Loss: 1.7937177799124
2018-02-20-18:58:17 [INFO ] Iteration: 147, Loss: 1.7938799810323
2018-02-20-18:58:24 [INFO ] Iteration: 148, Loss: 1.7944743180402
2018-02-20-18:58:30 [INFO ] Iteration: 149, Loss: 1.7935769907054
2018-02-20-18:58:36 [INFO ] Iteration: 150, Loss: 1.7934722264435
2018-02-20-18:58:43 [INFO ] Iteration: 151, Loss: 1.7972347559666
2018-02-20-18:58:49 [INFO ] Iteration: 152, Loss: 1.7944052781938
2018-02-20-18:58:55 [INFO ] Iteration: 153, Loss: 1.7946420873665
2018-02-20-18:59:01 [INFO ] Iteration: 154, Loss: 1.7946135149067
2018-02-20-18:59:08 [INFO ] Iteration: 155, Loss: 1.7946389658027
2018-02-20-18:59:14 [INFO ] Iteration: 156, Loss: 1.7925427818348
2018-02-20-18:59:20 [INFO ] Iteration: 157, Loss: 1.7934328457954
2018-02-20-18:59:27 [INFO ] Iteration: 158, Loss: 1.7939430347594
2018-02-20-18:59:33 [INFO ] Iteration: 159, Loss: 1.7922115008158
2018-02-20-18:59:39 [INFO ] Iteration: 160, Loss: 1.7981647326116
2018-02-20-18:59:45 [INFO ] Iteration: 161, Loss: 1.7945067779133
2018-02-20-18:59:52 [INFO ] Iteration: 162, Loss: 1.7948531237269
2018-02-20-18:59:58 [INFO ] Iteration: 163, Loss: 1.7929984086969
2018-02-20-19:00:04 [INFO ] Iteration: 164, Loss: 1.7942437505552
2018-02-20-19:00:11 [INFO ] Iteration: 165, Loss: 1.7933817186435
2018-02-20-19:00:17 [INFO ] Iteration: 166, Loss: 1.7938786468487
2018-02-20-19:00:23 [INFO ] Iteration: 167, Loss: 1.7950654607077
2018-02-20-19:00:30 [INFO ] Iteration: 168, Loss: 1.7953709049496
2018-02-20-19:00:36 [INFO ] Iteration: 169, Loss: 1.79391265431
2018-02-20-19:00:42 [INFO ] Iteration: 170, Loss: 1.7934132291113
2018-02-20-19:00:48 [INFO ] Iteration: 171, Loss: 1.7952165911581
2018-02-20-19:00:55 [INFO ] Iteration: 172, Loss: 1.794288090974
2018-02-20-19:01:01 [INFO ] Iteration: 173, Loss: 1.7929445021682
2018-02-20-19:01:07 [INFO ] Iteration: 174, Loss: 1.7937314179602
2018-02-20-19:01:13 [INFO ] Iteration: 175, Loss: 1.7935156066569
2018-02-20-19:01:20 [INFO ] Iteration: 176, Loss: 1.79391453057
2018-02-20-19:01:26 [INFO ] Iteration: 177, Loss: 1.7938393156617
2018-02-20-19:01:32 [INFO ] Iteration: 178, Loss: 1.7930877958572
2018-02-20-19:01:38 [INFO ] Iteration: 179, Loss: 1.7948889388247
2018-02-20-19:01:45 [INFO ] Iteration: 180, Loss: 1.7942678364311
2018-02-20-19:01:51 [INFO ] Iteration: 181, Loss: 1.7935507808694
2018-02-20-19:01:57 [INFO ] Iteration: 182, Loss: 1.7941505108148
2018-02-20-19:02:04 [INFO ] Iteration: 183, Loss: 1.794267469198
2018-02-20-19:02:10 [INFO ] Iteration: 184, Loss: 1.7939712429564
2018-02-20-19:02:16 [INFO ] Iteration: 185, Loss: 1.7937782575764
2018-02-20-19:02:23 [INFO ] Iteration: 186, Loss: 1.7936716394165
2018-02-20-19:02:29 [INFO ] Iteration: 187, Loss: 1.7953458042214
2018-02-20-19:02:35 [INFO ] Iteration: 188, Loss: 1.7932332115622
2018-02-20-19:02:41 [INFO ] Iteration: 189, Loss: 1.7950339611063
2018-02-20-19:02:48 [INFO ] Iteration: 190, Loss: 1.7943423303183
2018-02-20-19:02:54 [INFO ] Iteration: 191, Loss: 1.792786005972
2018-02-20-19:03:00 [INFO ] Iteration: 192, Loss: 1.7951697731892
2018-02-20-19:03:07 [INFO ] Iteration: 193, Loss: 1.7936044330505
2018-02-20-19:03:13 [INFO ] Iteration: 194, Loss: 1.795805873696
2018-02-20-19:03:19 [INFO ] Iteration: 195, Loss: 1.7950357081292
2018-02-20-19:03:26 [INFO ] Iteration: 196, Loss: 1.7925118993074
2018-02-20-19:03:32 [INFO ] Iteration: 197, Loss: 1.7943909499342
2018-02-20-19:03:38 [INFO ] Iteration: 198, Loss: 1.7947832181308
2018-02-20-19:03:45 [INFO ] Iteration: 199, Loss: 1.7968721147055
2018-02-20-19:03:51 [INFO ] Iteration: 200, Loss: 1.7921622986912
2018-02-20-19:03:57 [INFO ] Iteration: 201, Loss: 1.7943208571286
2018-02-20-19:04:04 [INFO ] Iteration: 202, Loss: 1.7939692868853
2018-02-20-19:04:10 [INFO ] Iteration: 203, Loss: 1.7945716944173
2018-02-20-19:04:16 [INFO ] Iteration: 204, Loss: 1.7947570593742
2018-02-20-19:04:23 [INFO ] Iteration: 205, Loss: 1.7958633574626
2018-02-20-19:04:29 [INFO ] Iteration: 206, Loss: 1.7936869029357
2018-02-20-19:04:35 [INFO ] Iteration: 207, Loss: 1.7943054740975
2018-02-20-19:04:42 [INFO ] Iteration: 208, Loss: 1.7961771753764
2018-02-20-19:04:48 [INFO ] Iteration: 209, Loss: 1.7944059739355
2018-02-20-19:04:54 [INFO ] Iteration: 210, Loss: 1.7937079629343
2018-02-20-19:05:00 [INFO ] Iteration: 211, Loss: 1.7934794065695
2018-02-20-19:05:06 [INFO ] Iteration: 212, Loss: 1.7933364858257
2018-02-20-19:05:13 [INFO ] Iteration: 213, Loss: 1.7932748285526
2018-02-20-19:05:19 [INFO ] Iteration: 214, Loss: 1.7932695428431
2018-02-20-19:05:25 [INFO ] Iteration: 215, Loss: 1.7937410792003
2018-02-20-19:05:32 [INFO ] Iteration: 216, Loss: 1.7937552775216
2018-02-20-19:05:38 [INFO ] Iteration: 217, Loss: 1.7957121273909
2018-02-20-19:05:44 [INFO ] Iteration: 218, Loss: 1.7936499321817
2018-02-20-19:05:50 [INFO ] Iteration: 219, Loss: 1.7940290366042
2018-02-20-19:05:57 [INFO ] Iteration: 220, Loss: 1.7935106293106
2018-02-20-19:06:03 [INFO ] Iteration: 221, Loss: 1.7937711034709
2018-02-20-19:06:09 [INFO ] Iteration: 222, Loss: 1.7939393867941
2018-02-20-19:06:16 [INFO ] Iteration: 223, Loss: 1.7935316894016
2018-02-20-19:06:22 [INFO ] Iteration: 224, Loss: 1.7958430607683
2018-02-20-19:06:28 [INFO ] Iteration: 225, Loss: 1.792923381746
2018-02-20-19:06:35 [INFO ] Iteration: 226, Loss: 1.7931404889897
2018-02-20-19:06:41 [INFO ] Iteration: 227, Loss: 1.7949529508558
2018-02-20-19:06:47 [INFO ] Iteration: 228, Loss: 1.7935627928908
2018-02-20-19:06:53 [INFO ] Iteration: 229, Loss: 1.7945712328418
2018-02-20-19:07:00 [INFO ] Iteration: 230, Loss: 1.7932962122106
2018-02-20-19:07:06 [INFO ] Iteration: 231, Loss: 1.7952453081491
2018-02-20-19:07:12 [INFO ] Iteration: 232, Loss: 1.7933845567933
2018-02-20-19:07:18 [INFO ] Iteration: 233, Loss: 1.795583604855
2018-02-20-19:07:25 [INFO ] Iteration: 234, Loss: 1.7949450675809
2018-02-20-19:07:31 [INFO ] Iteration: 235, Loss: 1.7943646804587
2018-02-20-19:07:37 [INFO ] Iteration: 236, Loss: 1.7943574156551
2018-02-20-19:07:44 [INFO ] Iteration: 237, Loss: 1.794411603527
2018-02-20-19:07:50 [INFO ] Iteration: 238, Loss: 1.7939035626291
2018-02-20-19:07:56 [INFO ] Iteration: 239, Loss: 1.7949677741052
2018-02-20-19:08:02 [INFO ] Iteration: 240, Loss: 1.7941401267647
2018-02-20-19:08:09 [INFO ] Iteration: 241, Loss: 1.7931377091042
2018-02-20-19:08:15 [INFO ] Iteration: 242, Loss: 1.7943244582127
2018-02-20-19:08:21 [INFO ] Iteration: 243, Loss: 1.794429033283
2018-02-20-19:08:28 [INFO ] Iteration: 244, Loss: 1.7936098452648
2018-02-20-19:08:34 [INFO ] Iteration: 245, Loss: 1.794913517761
2018-02-20-19:08:40 [INFO ] Iteration: 246, Loss: 1.7940846761276
2018-02-20-19:08:46 [INFO ] Iteration: 247, Loss: 1.7958894021042
2018-02-20-19:08:53 [INFO ] Iteration: 248, Loss: 1.7947402739073
2018-02-20-19:08:59 [INFO ] Iteration: 249, Loss: 1.7945914354507
2018-02-20-19:09:05 [INFO ] Iteration: 250, Loss: 1.7950256151601
2018-02-20-19:09:11 [INFO ] Iteration: 251, Loss: 1.7940150793596
2018-02-20-19:09:18 [INFO ] Iteration: 252, Loss: 1.794176571688
2018-02-20-19:09:24 [INFO ] Iteration: 253, Loss: 1.7938257722836
2018-02-20-19:09:30 [INFO ] Iteration: 254, Loss: 1.7926893471659
2018-02-20-19:09:37 [INFO ] Iteration: 255, Loss: 1.7946784094461
2018-02-20-19:09:43 [INFO ] Iteration: 256, Loss: 1.7923294510015
2018-02-20-19:09:49 [INFO ] Iteration: 257, Loss: 1.7937271092716
2018-02-20-19:09:56 [INFO ] Iteration: 258, Loss: 1.7941504780514
2018-02-20-19:10:02 [INFO ] Iteration: 259, Loss: 1.7941733043564
2018-02-20-19:10:08 [INFO ] Iteration: 260, Loss: 1.7932468019673
2018-02-20-19:10:14 [INFO ] Iteration: 261, Loss: 1.7948545667742
2018-02-20-19:10:20 [INFO ] Iteration: 262, Loss: 1.793522243036
2018-02-20-19:10:26 [INFO ] Iteration: 263, Loss: 1.793967211824
2018-02-20-19:10:33 [INFO ] Iteration: 264, Loss: 1.7941914703155
2018-02-20-19:10:39 [INFO ] Iteration: 265, Loss: 1.7961263831924
2018-02-20-19:10:45 [INFO ] Iteration: 266, Loss: 1.7928486947819
2018-02-20-19:10:51 [INFO ] Iteration: 267, Loss: 1.7944819050125
2018-02-20-19:10:58 [INFO ] Iteration: 268, Loss: 1.7937603608949
2018-02-20-19:11:04 [INFO ] Iteration: 269, Loss: 1.7944549678036
2018-02-20-19:11:10 [INFO ] Iteration: 270, Loss: 1.7939962344371
2018-02-20-19:11:16 [INFO ] Iteration: 271, Loss: 1.7920509175917
2018-02-20-19:11:23 [INFO ] Iteration: 272, Loss: 1.7938892144213
2018-02-20-19:11:29 [INFO ] Iteration: 273, Loss: 1.793759602211
2018-02-20-19:11:35 [INFO ] Iteration: 274, Loss: 1.7932206745648
2018-02-20-19:11:41 [INFO ] Iteration: 275, Loss: 1.793679907264
2018-02-20-19:11:48 [INFO ] Iteration: 276, Loss: 1.7934009652822
2018-02-20-19:11:54 [INFO ] Iteration: 277, Loss: 1.794525344825
2018-02-20-19:12:00 [INFO ] Iteration: 278, Loss: 1.7969640498632
2018-02-20-19:12:06 [INFO ] Iteration: 279, Loss: 1.7953682395535
2018-02-20-19:12:13 [INFO ] Iteration: 280, Loss: 1.7941541092219
2018-02-20-19:12:19 [INFO ] Iteration: 281, Loss: 1.7926514728367
2018-02-20-19:12:25 [INFO ] Iteration: 282, Loss: 1.7950233533919
2018-02-20-19:12:31 [INFO ] Iteration: 283, Loss: 1.7938838829329
2018-02-20-19:12:38 [INFO ] Iteration: 284, Loss: 1.7937896175857
2018-02-20-19:12:44 [INFO ] Iteration: 285, Loss: 1.792709950156
2018-02-20-19:12:50 [INFO ] Iteration: 286, Loss: 1.7952664145985
2018-02-20-19:12:56 [INFO ] Iteration: 287, Loss: 1.7960282741674
2018-02-20-19:13:03 [INFO ] Iteration: 288, Loss: 1.794882065014
2018-02-20-19:13:09 [INFO ] Iteration: 289, Loss: 1.7934686507941
2018-02-20-19:13:15 [INFO ] Iteration: 290, Loss: 1.7938127422212
2018-02-20-19:13:21 [INFO ] Iteration: 291, Loss: 1.7943909363988
2018-02-20-19:13:28 [INFO ] Iteration: 292, Loss: 1.7933323870396
2018-02-20-19:13:34 [INFO ] Iteration: 293, Loss: 1.7932441470747
2018-02-20-19:13:40 [INFO ] Iteration: 294, Loss: 1.7944833904396
2018-02-20-19:13:47 [INFO ] Iteration: 295, Loss: 1.7951671831405
2018-02-20-19:13:53 [INFO ] Iteration: 296, Loss: 1.7924545611378
2018-02-20-19:13:59 [INFO ] Iteration: 297, Loss: 1.7954050043943
2018-02-20-19:14:06 [INFO ] Iteration: 298, Loss: 1.7940783425769
2018-02-20-19:14:12 [INFO ] Iteration: 299, Loss: 1.7941469465165
2018-02-20-19:14:18 [INFO ] Iteration: 300, Loss: 1.7959579276379
2018-02-20-19:14:24 [INFO ] Iteration: 301, Loss: 1.7948017191825
2018-02-20-19:14:31 [INFO ] Iteration: 302, Loss: 1.7942283438926
2018-02-20-19:14:37 [INFO ] Iteration: 303, Loss: 1.7941932363931
2018-02-20-19:14:43 [INFO ] Iteration: 304, Loss: 1.7929732176995
2018-02-20-19:14:49 [INFO ] Iteration: 305, Loss: 1.7934278909813
2018-02-20-19:14:56 [INFO ] Iteration: 306, Loss: 1.7924299235817
2018-02-20-19:15:02 [INFO ] Iteration: 307, Loss: 1.7947474443986
2018-02-20-19:15:08 [INFO ] Iteration: 308, Loss: 1.7941351635547
2018-02-20-19:15:14 [INFO ] Iteration: 309, Loss: 1.7953804527753
2018-02-20-19:15:21 [INFO ] Iteration: 310, Loss: 1.7943347673958
2018-02-20-19:15:27 [INFO ] Iteration: 311, Loss: 1.793890803164
2018-02-20-19:15:33 [INFO ] Iteration: 312, Loss: 1.7946895149499
2018-02-20-19:15:40 [INFO ] Iteration: 313, Loss: 1.7937700361645
2018-02-20-19:15:46 [INFO ] Iteration: 314, Loss: 1.7945513532886
2018-02-20-19:15:52 [INFO ] Iteration: 315, Loss: 1.7939732172107
2018-02-20-19:15:58 [INFO ] Iteration: 316, Loss: 1.79664924158
2018-02-20-19:16:05 [INFO ] Iteration: 317, Loss: 1.7935187506644
2018-02-20-19:16:11 [INFO ] Iteration: 318, Loss: 1.7951344215311
2018-02-20-19:16:17 [INFO ] Iteration: 319, Loss: 1.7940292284506
2018-02-20-19:16:23 [INFO ] Iteration: 320, Loss: 1.7932520929371
2018-02-20-19:16:30 [INFO ] Iteration: 321, Loss: 1.7943610265393
2018-02-20-19:16:36 [INFO ] Iteration: 322, Loss: 1.7940773375821
2018-02-20-19:16:42 [INFO ] Iteration: 323, Loss: 1.7942635865181
2018-02-20-19:16:49 [INFO ] Iteration: 324, Loss: 1.7936921205889
2018-02-20-19:16:55 [INFO ] Iteration: 325, Loss: 1.7940770546994
2018-02-20-19:17:01 [INFO ] Iteration: 326, Loss: 1.7923633570753
2018-02-20-19:17:07 [INFO ] Iteration: 327, Loss: 1.7934470560829
2018-02-20-19:17:14 [INFO ] Iteration: 328, Loss: 1.7949863849945
2018-02-20-19:17:20 [INFO ] Iteration: 329, Loss: 1.7935176934534
2018-02-20-19:17:26 [INFO ] Iteration: 330, Loss: 1.7940083930721
2018-02-20-19:17:32 [INFO ] Iteration: 331, Loss: 1.7952275498451
2018-02-20-19:17:39 [INFO ] Iteration: 332, Loss: 1.7935098589362
2018-02-20-19:17:45 [INFO ] Iteration: 333, Loss: 1.79468607705
2018-02-20-19:17:51 [INFO ] Iteration: 334, Loss: 1.7941096200224
2018-02-20-19:17:58 [INFO ] Iteration: 335, Loss: 1.7937721267229
2018-02-20-19:18:04 [INFO ] Iteration: 336, Loss: 1.7935526826506
2018-02-20-19:18:10 [INFO ] Iteration: 337, Loss: 1.7936667677465
2018-02-20-19:18:16 [INFO ] Iteration: 338, Loss: 1.7961980369716
2018-02-20-19:18:23 [INFO ] Iteration: 339, Loss: 1.7933236488426
2018-02-20-19:18:29 [INFO ] Iteration: 340, Loss: 1.7947404722645
2018-02-20-19:18:35 [INFO ] Iteration: 341, Loss: 1.7936811654061
2018-02-20-19:18:42 [INFO ] Iteration: 342, Loss: 1.7948684918636
2018-02-20-19:18:48 [INFO ] Iteration: 343, Loss: 1.7945265733038
2018-02-20-19:18:54 [INFO ] Iteration: 344, Loss: 1.793185689402
2018-02-20-19:19:00 [INFO ] Iteration: 345, Loss: 1.7926194681684
2018-02-20-19:19:07 [INFO ] Iteration: 346, Loss: 1.7928120007755
2018-02-20-19:19:13 [INFO ] Iteration: 347, Loss: 1.7942993718697
2018-02-20-19:19:19 [INFO ] Iteration: 348, Loss: 1.7942792451548
2018-02-20-19:19:26 [INFO ] Iteration: 349, Loss: 1.794331481744
2018-02-20-19:19:32 [INFO ] Iteration: 350, Loss: 1.7925892581514
2018-02-20-19:19:38 [INFO ] Iteration: 351, Loss: 1.794508501608
2018-02-20-19:19:45 [INFO ] Iteration: 352, Loss: 1.7942036462562
2018-02-20-19:19:51 [INFO ] Iteration: 353, Loss: 1.7938915682873
2018-02-20-19:19:57 [INFO ] Iteration: 354, Loss: 1.7933898127557
2018-02-20-19:20:03 [INFO ] Iteration: 355, Loss: 1.793112005563
2018-02-20-19:20:10 [INFO ] Iteration: 356, Loss: 1.7938663838746
2018-02-20-19:20:16 [INFO ] Iteration: 357, Loss: 1.7951548104744
2018-02-20-19:20:22 [INFO ] Iteration: 358, Loss: 1.7931099451604
2018-02-20-19:20:29 [INFO ] Iteration: 359, Loss: 1.7941001831799
2018-02-20-19:20:35 [INFO ] Iteration: 360, Loss: 1.7955802240939
2018-02-20-19:20:41 [INFO ] Iteration: 361, Loss: 1.7919555976171
2018-02-20-19:20:48 [INFO ] Iteration: 362, Loss: 1.7941037550684
2018-02-20-19:20:54 [INFO ] Iteration: 363, Loss: 1.79471249213
2018-02-20-19:21:00 [INFO ] Iteration: 364, Loss: 1.7932616144905
2018-02-20-19:21:06 [INFO ] Iteration: 365, Loss: 1.7938040810808
2018-02-20-19:21:13 [INFO ] Iteration: 366, Loss: 1.7939464370275
2018-02-20-19:21:19 [INFO ] Iteration: 367, Loss: 1.794470561277
2018-02-20-19:21:25 [INFO ] Iteration: 368, Loss: 1.7932636893956
2018-02-20-19:21:31 [INFO ] Iteration: 369, Loss: 1.7949701149138
2018-02-20-19:21:38 [INFO ] Iteration: 370, Loss: 1.7950700207181
2018-02-20-19:21:44 [INFO ] Iteration: 371, Loss: 1.7948289442003
2018-02-20-19:21:50 [INFO ] Iteration: 372, Loss: 1.7945833467358
2018-02-20-19:21:56 [INFO ] Iteration: 373, Loss: 1.7939287135344
2018-02-20-19:22:03 [INFO ] Iteration: 374, Loss: 1.7963403273332
2018-02-20-19:22:09 [INFO ] Iteration: 375, Loss: 1.7944678879876
2018-02-20-19:22:15 [INFO ] Iteration: 376, Loss: 1.7939498017215
2018-02-20-19:22:21 [INFO ] Iteration: 377, Loss: 1.7950326017748
2018-02-20-19:22:28 [INFO ] Iteration: 378, Loss: 1.7937335215315
2018-02-20-19:22:34 [INFO ] Iteration: 379, Loss: 1.7952117372152
2018-02-20-19:22:40 [INFO ] Iteration: 380, Loss: 1.7939836883574
2018-02-20-19:22:46 [INFO ] Iteration: 381, Loss: 1.793727443467
2018-02-20-19:22:53 [INFO ] Iteration: 382, Loss: 1.7929230244859
2018-02-20-19:22:59 [INFO ] Iteration: 383, Loss: 1.7937606444257
2018-02-20-19:23:05 [INFO ] Iteration: 384, Loss: 1.7941204914748
2018-02-20-19:23:11 [INFO ] Iteration: 385, Loss: 1.7934499213927
2018-02-20-19:23:18 [INFO ] Iteration: 386, Loss: 1.7936941638439
2018-02-20-19:23:24 [INFO ] Iteration: 387, Loss: 1.7941277021401
2018-02-20-19:23:30 [INFO ] Iteration: 388, Loss: 1.7940284785023
2018-02-20-19:23:36 [INFO ] Iteration: 389, Loss: 1.7921631683543
2018-02-20-19:23:43 [INFO ] Iteration: 390, Loss: 1.7962076678821
2018-02-20-19:23:49 [INFO ] Iteration: 391, Loss: 1.7934565659002
2018-02-20-19:23:55 [INFO ] Iteration: 392, Loss: 1.7937199962516
2018-02-20-19:24:01 [INFO ] Iteration: 393, Loss: 1.7928577136822
2018-02-20-19:24:08 [INFO ] Iteration: 394, Loss: 1.7935534211032
2018-02-20-19:24:14 [INFO ] Iteration: 395, Loss: 1.7932526350789
2018-02-20-19:24:20 [INFO ] Iteration: 396, Loss: 1.794431613485
2018-02-20-19:24:26 [INFO ] Iteration: 397, Loss: 1.7933968851513
2018-02-20-19:24:33 [INFO ] Iteration: 398, Loss: 1.7931960388371
2018-02-20-19:24:39 [INFO ] Iteration: 399, Loss: 1.7942441119317
2018-02-20-19:24:45 [INFO ] Iteration: 400, Loss: 1.7937040299203
2018-02-20-19:24:52 [INFO ] Iteration: 401, Loss: 1.7935690148343
2018-02-20-19:24:58 [INFO ] Iteration: 402, Loss: 1.7939399561139
2018-02-20-19:25:04 [INFO ] Iteration: 403, Loss: 1.7946213693755
2018-02-20-19:25:11 [INFO ] Iteration: 404, Loss: 1.7943730700924
2018-02-20-19:25:17 [INFO ] Iteration: 405, Loss: 1.7935355789037
2018-02-20-19:25:23 [INFO ] Iteration: 406, Loss: 1.794954633108
2018-02-20-19:25:30 [INFO ] Iteration: 407, Loss: 1.7954653972708
2018-02-20-19:25:36 [INFO ] Iteration: 408, Loss: 1.7945375894318
2018-02-20-19:25:42 [INFO ] Iteration: 409, Loss: 1.7935252747224
2018-02-20-19:25:48 [INFO ] Iteration: 410, Loss: 1.7957195039
2018-02-20-19:25:54 [INFO ] Iteration: 411, Loss: 1.7938808076045
2018-02-20-19:26:01 [INFO ] Iteration: 412, Loss: 1.792716898515
2018-02-20-19:26:07 [INFO ] Iteration: 413, Loss: 1.7940913946567
2018-02-20-19:26:13 [INFO ] Iteration: 414, Loss: 1.7939217338829
2018-02-20-19:26:19 [INFO ] Iteration: 415, Loss: 1.7938539544198
2018-02-20-19:26:26 [INFO ] Iteration: 416, Loss: 1.7936257966586
2018-02-20-19:26:32 [INFO ] Iteration: 417, Loss: 1.7955359572036
2018-02-20-19:26:38 [INFO ] Iteration: 418, Loss: 1.7944280598562
2018-02-20-19:26:44 [INFO ] Iteration: 419, Loss: 1.7923528629609
2018-02-20-19:26:51 [INFO ] Iteration: 420, Loss: 1.7936977595249
2018-02-20-19:26:57 [INFO ] Iteration: 421, Loss: 1.7934100581239
2018-02-20-19:27:03 [INFO ] Iteration: 422, Loss: 1.7934661454768
2018-02-20-19:27:10 [INFO ] Iteration: 423, Loss: 1.7936299637654
2018-02-20-19:27:16 [INFO ] Iteration: 424, Loss: 1.7962949389583
2018-02-20-19:27:22 [INFO ] Iteration: 425, Loss: 1.7942770595375
