2018-02-20-18:36:20 [DEBUG] Initializing the Model
2018-02-20-18:36:20 [DEBUG] Initializing Linear Layer
2018-02-20-18:36:20 [DEBUG] Initializing BatchNormalization Layer
2018-02-20-18:36:20 [DEBUG] Initializing ReLU Layer
2018-02-20-18:36:20 [DEBUG] Initializing Linear Layer
2018-02-20-18:36:20 [DEBUG] Initializing BatchNormalization Layer
2018-02-20-18:36:20 [DEBUG] Initializing ReLU Layer
2018-02-20-18:36:20 [DEBUG] Initializing Linear Layer
2018-02-20-18:36:20 [DEBUG] Initializing Criterion Layer
2018-02-20-18:36:20 [INFO ] Model
[
	(1) -->	Linear: (11664 -> 50) with bias
	(2) -->	BatchNormalization
	(3) -->	ReLU
	(4) -->	Linear: (50 -> 10) with bias
	(5) -->	BatchNormalization
	(6) -->	ReLU
	(7) -->	Linear: (10 -> 6) with bias
]
2018-02-20-18:36:20 [INFO ] Learning Rate = 0.1
2018-02-20-18:36:20 [INFO ] Iterations = 500
2018-02-20-18:36:20 [INFO ] Batch Size = 300
2018-02-20-18:36:20 [DEBUG] Beginning Gradient Descent
2018-02-20-18:36:20 [ERROR] Input size 29160 is not a multiple of batch size 300
