2018-02-20-16:32:29 [DEBUG] Initializing Linear Layer
2018-02-20-16:32:46 [DEBUG] Initializing Criterion Layer
2018-02-20-16:32:46 [DEBUG] Beginning Gradient Descent
2018-02-20-16:32:50 [INFO ] Iteration: 1, Loss: 0.040140939304038
2018-02-20-16:32:53 [INFO ] Iteration: 2, Loss: 0.042294973002133
2018-02-20-16:32:57 [INFO ] Iteration: 3, Loss: 0.046550651264906
2018-02-20-16:33:00 [INFO ] Iteration: 4, Loss: 0.046119579380348
2018-02-20-16:33:04 [INFO ] Iteration: 5, Loss: 0.045497522335333
2018-02-20-16:33:07 [INFO ] Iteration: 6, Loss: 0.043043110600311
2018-02-20-16:33:10 [INFO ] Iteration: 7, Loss: 0.043250232481039
2018-02-20-16:33:14 [INFO ] Iteration: 8, Loss: 0.042423857295424
2018-02-20-16:33:17 [INFO ] Iteration: 9, Loss: 0.043951715134005
2018-02-20-16:33:21 [INFO ] Iteration: 10, Loss: 0.043354912791843
2018-02-20-16:33:24 [INFO ] Iteration: 11, Loss: 0.04214011153256
2018-02-20-16:33:27 [INFO ] Iteration: 12, Loss: 0.041518263531953
2018-02-20-16:33:31 [INFO ] Iteration: 13, Loss: 0.043849782429343
2018-02-20-16:33:34 [INFO ] Iteration: 14, Loss: 0.044165239908336
2018-02-20-16:33:37 [INFO ] Iteration: 15, Loss: 0.042427996131476
2018-02-20-16:33:40 [INFO ] Iteration: 16, Loss: 0.04166525269225
2018-02-20-16:33:43 [INFO ] Iteration: 17, Loss: 0.039468386418045
2018-02-20-16:33:46 [INFO ] Iteration: 18, Loss: 0.038288507598145
2018-02-20-16:33:49 [INFO ] Iteration: 19, Loss: 0.03864658160016
2018-02-20-16:33:53 [INFO ] Iteration: 20, Loss: 0.041519896550888
2018-02-20-16:33:56 [INFO ] Iteration: 21, Loss: 0.038248395233651
2018-02-20-16:33:59 [INFO ] Iteration: 22, Loss: 0.048134114380477
2018-02-20-16:34:03 [INFO ] Iteration: 23, Loss: 0.040356286731028
2018-02-20-16:34:06 [INFO ] Iteration: 24, Loss: 0.037588917284672
2018-02-20-16:34:09 [INFO ] Iteration: 25, Loss: 0.045763236974272
2018-02-20-16:34:13 [INFO ] Iteration: 26, Loss: 0.043960775139003
2018-02-20-16:34:16 [INFO ] Iteration: 27, Loss: 0.041729444723818
2018-02-20-16:34:19 [INFO ] Iteration: 28, Loss: 0.038001746225057
2018-02-20-16:34:22 [INFO ] Iteration: 29, Loss: 0.042966035182894
2018-02-20-16:34:25 [INFO ] Iteration: 30, Loss: 0.039851138765206
2018-02-20-16:34:29 [INFO ] Iteration: 31, Loss: 0.04295436262921
2018-02-20-16:34:32 [INFO ] Iteration: 32, Loss: 0.039991977820064
2018-02-20-16:34:35 [INFO ] Iteration: 33, Loss: 0.041336440971874
2018-02-20-16:34:39 [INFO ] Iteration: 34, Loss: 0.040465639332218
2018-02-20-16:34:41 [INFO ] Iteration: 35, Loss: 0.041883206747965
2018-02-20-16:34:45 [INFO ] Iteration: 36, Loss: 0.038353805639478
2018-02-20-16:34:48 [INFO ] Iteration: 37, Loss: 0.038418556421157
2018-02-20-16:34:50 [INFO ] Iteration: 38, Loss: 0.039937548299413
2018-02-20-16:34:54 [INFO ] Iteration: 39, Loss: 0.040220981587962
2018-02-20-16:34:57 [INFO ] Iteration: 40, Loss: 0.046177277113254
2018-02-20-16:35:00 [INFO ] Iteration: 41, Loss: 0.042174885310483
2018-02-20-16:35:04 [INFO ] Iteration: 42, Loss: 0.042455254369798
2018-02-20-16:35:07 [INFO ] Iteration: 43, Loss: 0.041769637091076
2018-02-20-16:35:10 [INFO ] Iteration: 44, Loss: 0.0421391446049
2018-02-20-16:35:13 [INFO ] Iteration: 45, Loss: 0.042955074245339
2018-02-20-16:35:16 [INFO ] Iteration: 46, Loss: 0.042678626659388
2018-02-20-16:35:19 [INFO ] Iteration: 47, Loss: 0.039825558647001
2018-02-20-16:35:22 [INFO ] Iteration: 48, Loss: 0.038901036698908
2018-02-20-16:35:25 [INFO ] Iteration: 49, Loss: 0.037165737899966
2018-02-20-16:35:28 [INFO ] Iteration: 50, Loss: 0.037104910713835
2018-02-20-16:35:31 [INFO ] Iteration: 51, Loss: 0.035880025037105
2018-02-20-16:35:34 [INFO ] Iteration: 52, Loss: 0.049494945460081
2018-02-20-16:35:37 [INFO ] Iteration: 53, Loss: 0.04336125858608
2018-02-20-16:35:40 [INFO ] Iteration: 54, Loss: 0.040202734264964
2018-02-20-16:35:42 [INFO ] Iteration: 55, Loss: 0.040514754173256
2018-02-20-16:35:46 [INFO ] Iteration: 56, Loss: 0.042486150527159
2018-02-20-16:35:49 [INFO ] Iteration: 57, Loss: 0.040103978013754
2018-02-20-16:35:52 [INFO ] Iteration: 58, Loss: 0.039064027314517
2018-02-20-16:35:55 [INFO ] Iteration: 59, Loss: 0.041587202887445
2018-02-20-16:35:58 [INFO ] Iteration: 60, Loss: 0.040138271593183
2018-02-20-16:36:01 [INFO ] Iteration: 61, Loss: 0.042763027716749
2018-02-20-16:36:04 [INFO ] Iteration: 62, Loss: 0.040831497415041
2018-02-20-16:36:06 [INFO ] Iteration: 63, Loss: 0.03770821580365
2018-02-20-16:36:09 [INFO ] Iteration: 64, Loss: 0.042408627754643
2018-02-20-16:36:12 [INFO ] Iteration: 65, Loss: 0.040908795885822
2018-02-20-16:36:15 [INFO ] Iteration: 66, Loss: 0.040755627500205
2018-02-20-16:36:17 [INFO ] Iteration: 67, Loss: 0.039226417010383
2018-02-20-16:36:20 [INFO ] Iteration: 68, Loss: 0.040476871264908
2018-02-20-16:36:23 [INFO ] Iteration: 69, Loss: 0.041465186286874
2018-02-20-16:36:25 [INFO ] Iteration: 70, Loss: 0.041592702211739
2018-02-20-16:36:28 [INFO ] Iteration: 71, Loss: 0.040083151213741
2018-02-20-16:36:31 [INFO ] Iteration: 72, Loss: 0.037684956560779
2018-02-20-16:36:33 [INFO ] Iteration: 73, Loss: 0.042325780837379
2018-02-20-16:36:36 [INFO ] Iteration: 74, Loss: 0.039983296562329
2018-02-20-16:36:39 [INFO ] Iteration: 75, Loss: 0.043768251899387
2018-02-20-16:36:41 [INFO ] Iteration: 76, Loss: 0.040413285779871
2018-02-20-16:36:44 [INFO ] Iteration: 77, Loss: 0.042273791009785
2018-02-20-16:36:47 [INFO ] Iteration: 78, Loss: 0.041007411691736
2018-02-20-16:36:49 [INFO ] Iteration: 79, Loss: 0.041031645634529
2018-02-20-16:36:52 [INFO ] Iteration: 80, Loss: 0.038954050298881
2018-02-20-16:36:55 [INFO ] Iteration: 81, Loss: 0.040125183164263
2018-02-20-16:36:57 [INFO ] Iteration: 82, Loss: 0.040050396685992
2018-02-20-16:37:00 [INFO ] Iteration: 83, Loss: 0.041039614284199
2018-02-20-16:37:02 [INFO ] Iteration: 84, Loss: 0.040585457402751
2018-02-20-16:37:05 [INFO ] Iteration: 85, Loss: 0.042162518481556
2018-02-20-16:37:08 [INFO ] Iteration: 86, Loss: 0.041766060058879
2018-02-20-16:37:10 [INFO ] Iteration: 87, Loss: 0.039491480903474
2018-02-20-16:37:13 [INFO ] Iteration: 88, Loss: 0.037609597861793
2018-02-20-16:37:16 [INFO ] Iteration: 89, Loss: 0.038597136062986
2018-02-20-16:37:18 [INFO ] Iteration: 90, Loss: 0.045086457382131
2018-02-20-16:37:21 [INFO ] Iteration: 91, Loss: 0.042678831274308
2018-02-20-16:37:24 [INFO ] Iteration: 92, Loss: 0.039405061729397
2018-02-20-16:37:26 [INFO ] Iteration: 93, Loss: 0.037929429091356
2018-02-20-16:37:29 [INFO ] Iteration: 94, Loss: 0.041442767762512
2018-02-20-16:37:32 [INFO ] Iteration: 95, Loss: 0.039156968286082
2018-02-20-16:37:34 [INFO ] Iteration: 96, Loss: 0.040529124582258
2018-02-20-16:37:37 [INFO ] Iteration: 97, Loss: 0.039642592181037
2018-02-20-16:37:39 [INFO ] Iteration: 98, Loss: 0.037989344781111
2018-02-20-16:37:42 [INFO ] Iteration: 99, Loss: 0.038340985843314
2018-02-20-16:37:45 [INFO ] Iteration: 100, Loss: 0.038007676378658
2018-02-20-16:37:47 [INFO ] Iteration: 101, Loss: 0.035350632515931
2018-02-20-16:37:50 [INFO ] Iteration: 102, Loss: 0.035353580159994
2018-02-20-16:37:53 [INFO ] Iteration: 103, Loss: 0.04891081343799
2018-02-20-16:37:55 [INFO ] Iteration: 104, Loss: 0.04498141936614
2018-02-20-16:37:58 [INFO ] Iteration: 105, Loss: 0.03957384035161
2018-02-20-16:38:00 [INFO ] Iteration: 106, Loss: 0.03972190837521
2018-02-20-16:38:03 [INFO ] Iteration: 107, Loss: 0.043578972895089
2018-02-20-16:38:06 [INFO ] Iteration: 108, Loss: 0.039192603738745
2018-02-20-16:38:08 [INFO ] Iteration: 109, Loss: 0.037466413068966
2018-02-20-16:38:11 [INFO ] Iteration: 110, Loss: 0.042221181211499
2018-02-20-16:38:13 [INFO ] Iteration: 111, Loss: 0.042363422423118
2018-02-20-16:38:16 [INFO ] Iteration: 112, Loss: 0.041274371402781
2018-02-20-16:38:18 [INFO ] Iteration: 113, Loss: 0.03939312530504
2018-02-20-16:38:21 [INFO ] Iteration: 114, Loss: 0.039443339922658
2018-02-20-16:38:24 [INFO ] Iteration: 115, Loss: 0.038024408061415
2018-02-20-16:38:26 [INFO ] Iteration: 116, Loss: 0.036760971127043
2018-02-20-16:38:29 [INFO ] Iteration: 117, Loss: 0.045805599256349
2018-02-20-16:38:32 [INFO ] Iteration: 118, Loss: 0.039039207097285
2018-02-20-16:38:34 [INFO ] Iteration: 119, Loss: 0.039745520450077
2018-02-20-16:38:37 [INFO ] Iteration: 120, Loss: 0.046802348712118
2018-02-20-16:38:40 [INFO ] Iteration: 121, Loss: 0.041474757774816
2018-02-20-16:38:42 [INFO ] Iteration: 122, Loss: 0.039073239363422
2018-02-20-16:38:45 [INFO ] Iteration: 123, Loss: 0.039715341317381
2018-02-20-16:38:48 [INFO ] Iteration: 124, Loss: 0.038254527860714
2018-02-20-16:38:50 [INFO ] Iteration: 125, Loss: 0.043440372742876
2018-02-20-16:38:53 [INFO ] Iteration: 126, Loss: 0.040043227025152
2018-02-20-16:38:56 [INFO ] Iteration: 127, Loss: 0.039561825970224
2018-02-20-16:38:59 [INFO ] Iteration: 128, Loss: 0.039016376125664
2018-02-20-16:39:01 [INFO ] Iteration: 129, Loss: 0.037823843337566
2018-02-20-16:39:04 [INFO ] Iteration: 130, Loss: 0.041727054571226
2018-02-20-16:39:07 [INFO ] Iteration: 131, Loss: 0.041253378199394
2018-02-20-16:39:09 [INFO ] Iteration: 132, Loss: 0.042198073979661
2018-02-20-16:39:12 [INFO ] Iteration: 133, Loss: 0.04083103048359
2018-02-20-16:39:15 [INFO ] Iteration: 134, Loss: 0.040962626268856
2018-02-20-16:39:17 [INFO ] Iteration: 135, Loss: 0.038703900855555
2018-02-20-16:39:20 [INFO ] Iteration: 136, Loss: 0.04215992833181
2018-02-20-16:39:23 [INFO ] Iteration: 137, Loss: 0.039645266932853
2018-02-20-16:39:25 [INFO ] Iteration: 138, Loss: 0.038693259944234
2018-02-20-16:39:28 [INFO ] Iteration: 139, Loss: 0.038286978178917
2018-02-20-16:39:31 [INFO ] Iteration: 140, Loss: 0.037193286467032
2018-02-20-16:39:33 [INFO ] Iteration: 141, Loss: 0.035727199924599
2018-02-20-16:39:36 [INFO ] Iteration: 142, Loss: 0.044866862731097
2018-02-20-16:39:39 [INFO ] Iteration: 143, Loss: 0.039158812163683
2018-02-20-16:39:41 [INFO ] Iteration: 144, Loss: 0.04126818199657
2018-02-20-16:39:44 [INFO ] Iteration: 145, Loss: 0.039994428034037
2018-02-20-16:39:47 [INFO ] Iteration: 146, Loss: 0.040002574603582
2018-02-20-16:39:49 [INFO ] Iteration: 147, Loss: 0.03827678152476
2018-02-20-16:39:52 [INFO ] Iteration: 148, Loss: 0.038042841378541
2018-02-20-16:39:55 [INFO ] Iteration: 149, Loss: 0.043629520401084
2018-02-20-16:39:57 [INFO ] Iteration: 150, Loss: 0.041388299607121
2018-02-20-16:40:00 [INFO ] Iteration: 151, Loss: 0.040117807626858
2018-02-20-16:40:02 [INFO ] Iteration: 152, Loss: 0.040872473709469
2018-02-20-16:40:05 [INFO ] Iteration: 153, Loss: 0.039285317164141
2018-02-20-16:40:08 [INFO ] Iteration: 154, Loss: 0.04001146002653
2018-02-20-16:40:10 [INFO ] Iteration: 155, Loss: 0.040704024798306
2018-02-20-16:40:13 [INFO ] Iteration: 156, Loss: 0.039604967203175
2018-02-20-16:40:15 [INFO ] Iteration: 157, Loss: 0.044161473833425
2018-02-20-16:40:18 [INFO ] Iteration: 158, Loss: 0.040970434687236
2018-02-20-16:40:21 [INFO ] Iteration: 159, Loss: 0.041743394909109
2018-02-20-16:40:23 [INFO ] Iteration: 160, Loss: 0.040490919702501
2018-02-20-16:40:26 [INFO ] Iteration: 161, Loss: 0.039096600591121
2018-02-20-16:40:29 [INFO ] Iteration: 162, Loss: 0.041722752843646
2018-02-20-16:40:31 [INFO ] Iteration: 163, Loss: 0.038789405445597
2018-02-20-16:40:34 [INFO ] Iteration: 164, Loss: 0.037837544735231
2018-02-20-16:40:36 [INFO ] Iteration: 165, Loss: 0.03793717677726
2018-02-20-16:40:39 [INFO ] Iteration: 166, Loss: 0.039789135453777
2018-02-20-16:40:42 [INFO ] Iteration: 167, Loss: 0.044869694467997
2018-02-20-16:40:44 [INFO ] Iteration: 168, Loss: 0.040053438159168
2018-02-20-16:40:47 [INFO ] Iteration: 169, Loss: 0.038748783859867
2018-02-20-16:40:50 [INFO ] Iteration: 170, Loss: 0.036316364060962
2018-02-20-16:40:52 [INFO ] Iteration: 171, Loss: 0.037777466198784
2018-02-20-16:40:55 [INFO ] Iteration: 172, Loss: 0.03875226950098
2018-02-20-16:40:58 [INFO ] Iteration: 173, Loss: 0.044315806545502
2018-02-20-16:41:00 [INFO ] Iteration: 174, Loss: 0.040850901410511
2018-02-20-16:41:03 [INFO ] Iteration: 175, Loss: 0.041332546539804
2018-02-20-16:41:05 [INFO ] Iteration: 176, Loss: 0.039955526468
2018-02-20-16:41:08 [INFO ] Iteration: 177, Loss: 0.039478892996714
2018-02-20-16:41:11 [INFO ] Iteration: 178, Loss: 0.037937645996724
2018-02-20-16:41:13 [INFO ] Iteration: 179, Loss: 0.039170959521398
2018-02-20-16:41:16 [INFO ] Iteration: 180, Loss: 0.037844660364009
2018-02-20-16:41:19 [INFO ] Iteration: 181, Loss: 0.040615539159017
2018-02-20-16:41:21 [INFO ] Iteration: 182, Loss: 0.042432747601487
2018-02-20-16:41:24 [INFO ] Iteration: 183, Loss: 0.039944075972183
2018-02-20-16:41:26 [INFO ] Iteration: 184, Loss: 0.042302426797155
2018-02-20-16:41:29 [INFO ] Iteration: 185, Loss: 0.039297687415909
2018-02-20-16:41:32 [INFO ] Iteration: 186, Loss: 0.038858145017326
2018-02-20-16:41:34 [INFO ] Iteration: 187, Loss: 0.039010630437665
2018-02-20-16:41:37 [INFO ] Iteration: 188, Loss: 0.03603758803233
2018-02-20-16:41:39 [INFO ] Iteration: 189, Loss: 0.043194912755862
2018-02-20-16:41:42 [INFO ] Iteration: 190, Loss: 0.039985619865341
2018-02-20-16:41:45 [INFO ] Iteration: 191, Loss: 0.039207298746369
2018-02-20-16:41:47 [INFO ] Iteration: 192, Loss: 0.038921883747587
2018-02-20-16:41:50 [INFO ] Iteration: 193, Loss: 0.039192405318767
2018-02-20-16:41:53 [INFO ] Iteration: 194, Loss: 0.039309106654138
2018-02-20-16:41:56 [INFO ] Iteration: 195, Loss: 0.037247803741895
2018-02-20-16:41:58 [INFO ] Iteration: 196, Loss: 0.036983618688508
2018-02-20-16:42:01 [INFO ] Iteration: 197, Loss: 0.042544058296658
2018-02-20-16:42:04 [INFO ] Iteration: 198, Loss: 0.037056754193862
2018-02-20-16:42:06 [INFO ] Iteration: 199, Loss: 0.036992783688161
2018-02-20-16:42:09 [INFO ] Iteration: 200, Loss: 0.0411043650027
2018-02-20-16:42:12 [INFO ] Iteration: 201, Loss: 0.036821443025078
2018-02-20-16:42:14 [INFO ] Iteration: 202, Loss: 0.045773497083618
2018-02-20-16:42:17 [INFO ] Iteration: 203, Loss: 0.039927976017418
2018-02-20-16:42:19 [INFO ] Iteration: 204, Loss: 0.038384485293649
2018-02-20-16:42:22 [INFO ] Iteration: 205, Loss: 0.036459744948606
2018-02-20-16:42:25 [INFO ] Iteration: 206, Loss: 0.033723209848822
2018-02-20-16:42:27 [INFO ] Iteration: 207, Loss: 0.042898056866581
2018-02-20-16:42:30 [INFO ] Iteration: 208, Loss: 0.038456517724109
2018-02-20-16:42:33 [INFO ] Iteration: 209, Loss: 0.042465929579609
2018-02-20-16:42:35 [INFO ] Iteration: 210, Loss: 0.041569439354198
2018-02-20-16:42:38 [INFO ] Iteration: 211, Loss: 0.042620477902693
2018-02-20-16:42:41 [INFO ] Iteration: 212, Loss: 0.041419685852758
2018-02-20-16:42:43 [INFO ] Iteration: 213, Loss: 0.04249219091011
2018-02-20-16:42:46 [INFO ] Iteration: 214, Loss: 0.040884527725804
2018-02-20-16:42:49 [INFO ] Iteration: 215, Loss: 0.043300017546793
2018-02-20-16:42:51 [INFO ] Iteration: 216, Loss: 0.040788076222805
2018-02-20-16:42:54 [INFO ] Iteration: 217, Loss: 0.038090110945207
2018-02-20-16:42:56 [INFO ] Iteration: 218, Loss: 0.041553074375863
2018-02-20-16:42:59 [INFO ] Iteration: 219, Loss: 0.038388570659013
2018-02-20-16:43:02 [INFO ] Iteration: 220, Loss: 0.039031883671716
2018-02-20-16:43:05 [INFO ] Iteration: 221, Loss: 0.03943978598705
2018-02-20-16:43:07 [INFO ] Iteration: 222, Loss: 0.039584195047322
2018-02-20-16:43:10 [INFO ] Iteration: 223, Loss: 0.038567625804126
2018-02-20-16:43:13 [INFO ] Iteration: 224, Loss: 0.043476296677324
2018-02-20-16:43:15 [INFO ] Iteration: 225, Loss: 0.0380603773738
2018-02-20-16:43:18 [INFO ] Iteration: 226, Loss: 0.038232956585321
2018-02-20-16:43:21 [INFO ] Iteration: 227, Loss: 0.036718393997751
2018-02-20-16:43:23 [INFO ] Iteration: 228, Loss: 0.040644847942697
2018-02-20-16:43:26 [INFO ] Iteration: 229, Loss: 0.037490553793132
2018-02-20-16:43:28 [INFO ] Iteration: 230, Loss: 0.037889129667122
2018-02-20-16:43:31 [INFO ] Iteration: 231, Loss: 0.041668907452663
2018-02-20-16:43:34 [INFO ] Iteration: 232, Loss: 0.037876478110388
2018-02-20-16:43:36 [INFO ] Iteration: 233, Loss: 0.041302143340259
2018-02-20-16:43:39 [INFO ] Iteration: 234, Loss: 0.041414975586904
2018-02-20-16:43:42 [INFO ] Iteration: 235, Loss: 0.041739442611239
2018-02-20-16:43:44 [INFO ] Iteration: 236, Loss: 0.038001010975373
2018-02-20-16:43:47 [INFO ] Iteration: 237, Loss: 0.037593260765638
2018-02-20-16:43:50 [INFO ] Iteration: 238, Loss: 0.03739019406566
2018-02-20-16:43:52 [INFO ] Iteration: 239, Loss: 0.037286107974249
2018-02-20-16:43:55 [INFO ] Iteration: 240, Loss: 0.043558081214799
2018-02-20-16:43:57 [INFO ] Iteration: 241, Loss: 0.036549115879579
2018-02-20-16:44:00 [INFO ] Iteration: 242, Loss: 0.040318104372916
2018-02-20-16:44:02 [INFO ] Iteration: 243, Loss: 0.038073894447964
2018-02-20-16:44:05 [INFO ] Iteration: 244, Loss: 0.040719719634273
2018-02-20-16:44:08 [INFO ] Iteration: 245, Loss: 0.039335502852804
2018-02-20-16:44:10 [INFO ] Iteration: 246, Loss: 0.042279341639816
2018-02-20-16:44:13 [INFO ] Iteration: 247, Loss: 0.038312632378621
2018-02-20-16:44:15 [INFO ] Iteration: 248, Loss: 0.037942007089611
2018-02-20-16:44:18 [INFO ] Iteration: 249, Loss: 0.036867107569924
2018-02-20-16:44:21 [INFO ] Iteration: 250, Loss: 0.041021721021658
2018-02-20-16:44:23 [INFO ] Iteration: 251, Loss: 0.040688834311518
2018-02-20-16:44:26 [INFO ] Iteration: 252, Loss: 0.039321614320943
2018-02-20-16:44:28 [INFO ] Iteration: 253, Loss: 0.03639945078698
2018-02-20-16:44:31 [INFO ] Iteration: 254, Loss: 0.042477966400791
2018-02-20-16:44:33 [INFO ] Iteration: 255, Loss: 0.03743542889659
2018-02-20-16:44:36 [INFO ] Iteration: 256, Loss: 0.042060892595031
2018-02-20-16:44:39 [INFO ] Iteration: 257, Loss: 0.040851197064717
2018-02-20-16:44:41 [INFO ] Iteration: 258, Loss: 0.037651349183965
2018-02-20-16:44:44 [INFO ] Iteration: 259, Loss: 0.040768486411579
2018-02-20-16:44:46 [INFO ] Iteration: 260, Loss: 0.041603024951363
2018-02-20-16:44:49 [INFO ] Iteration: 261, Loss: 0.039227182696471
2018-02-20-16:44:52 [INFO ] Iteration: 262, Loss: 0.036102730525223
2018-02-20-16:44:54 [INFO ] Iteration: 263, Loss: 0.037439074016568
2018-02-20-16:44:57 [INFO ] Iteration: 264, Loss: 0.036150370452464
2018-02-20-16:44:59 [INFO ] Iteration: 265, Loss: 0.036296136130517
2018-02-20-16:45:02 [INFO ] Iteration: 266, Loss: 0.043769475739909
2018-02-20-16:45:04 [INFO ] Iteration: 267, Loss: 0.038421005002541
2018-02-20-16:45:07 [INFO ] Iteration: 268, Loss: 0.042213329124627
2018-02-20-16:45:10 [INFO ] Iteration: 269, Loss: 0.038282840171414
2018-02-20-16:45:12 [INFO ] Iteration: 270, Loss: 0.040559054406762
2018-02-20-16:45:15 [INFO ] Iteration: 271, Loss: 0.038702270551559
2018-02-20-16:45:17 [INFO ] Iteration: 272, Loss: 0.037819311953159
2018-02-20-16:45:20 [INFO ] Iteration: 273, Loss: 0.03765547313947
2018-02-20-16:45:22 [INFO ] Iteration: 274, Loss: 0.043433561646898
2018-02-20-16:45:25 [INFO ] Iteration: 275, Loss: 0.038093796040321
2018-02-20-16:45:28 [INFO ] Iteration: 276, Loss: 0.036308962299424
2018-02-20-16:45:30 [INFO ] Iteration: 277, Loss: 0.043260560256875
2018-02-20-16:45:33 [INFO ] Iteration: 278, Loss: 0.039500103233834
2018-02-20-16:45:35 [INFO ] Iteration: 279, Loss: 0.037224163355479
2018-02-20-16:45:38 [INFO ] Iteration: 280, Loss: 0.041844770741098
2018-02-20-16:45:41 [INFO ] Iteration: 281, Loss: 0.040000198773576
2018-02-20-16:45:43 [INFO ] Iteration: 282, Loss: 0.039139340096266
2018-02-20-16:45:46 [INFO ] Iteration: 283, Loss: 0.04035300360597
2018-02-20-16:45:48 [INFO ] Iteration: 284, Loss: 0.037021256678475
2018-02-20-16:45:51 [INFO ] Iteration: 285, Loss: 0.039437444387622
2018-02-20-16:45:54 [INFO ] Iteration: 286, Loss: 0.038329101891228
2018-02-20-16:45:56 [INFO ] Iteration: 287, Loss: 0.039870785479883
2018-02-20-16:45:59 [INFO ] Iteration: 288, Loss: 0.039022850448129
2018-02-20-16:46:02 [INFO ] Iteration: 289, Loss: 0.037477644903012
2018-02-20-16:46:04 [INFO ] Iteration: 290, Loss: 0.042028636182551
2018-02-20-16:46:07 [INFO ] Iteration: 291, Loss: 0.040384382544089
2018-02-20-16:46:10 [INFO ] Iteration: 292, Loss: 0.039721556700567
2018-02-20-16:46:12 [INFO ] Iteration: 293, Loss: 0.040979459483684
2018-02-20-16:46:15 [INFO ] Iteration: 294, Loss: 0.039000259254821
2018-02-20-16:46:17 [INFO ] Iteration: 295, Loss: 0.043376282923178
2018-02-20-16:46:20 [INFO ] Iteration: 296, Loss: 0.040398717330513
2018-02-20-16:46:23 [INFO ] Iteration: 297, Loss: 0.039058779810832
2018-02-20-16:46:25 [INFO ] Iteration: 298, Loss: 0.037189273220132
2018-02-20-16:46:28 [INFO ] Iteration: 299, Loss: 0.036059421931109
2018-02-20-16:46:31 [INFO ] Iteration: 300, Loss: 0.03718260398545
2018-02-20-16:46:33 [INFO ] Iteration: 301, Loss: 0.041554796201983
2018-02-20-16:46:36 [INFO ] Iteration: 302, Loss: 0.037142590856931
2018-02-20-16:46:39 [INFO ] Iteration: 303, Loss: 0.034317875139121
2018-02-20-16:46:41 [INFO ] Iteration: 304, Loss: 0.040439544427256
2018-02-20-16:46:44 [INFO ] Iteration: 305, Loss: 0.036390943950293
2018-02-20-16:46:47 [INFO ] Iteration: 306, Loss: 0.03887458300809
2018-02-20-16:46:49 [INFO ] Iteration: 307, Loss: 0.038340149736379
2018-02-20-16:46:52 [INFO ] Iteration: 308, Loss: 0.035695077431293
2018-02-20-16:46:54 [INFO ] Iteration: 309, Loss: 0.041549441805165
2018-02-20-16:46:57 [INFO ] Iteration: 310, Loss: 0.038807658709461
2018-02-20-16:47:00 [INFO ] Iteration: 311, Loss: 0.036565546976518
2018-02-20-16:47:02 [INFO ] Iteration: 312, Loss: 0.040021170388304
2018-02-20-16:47:05 [INFO ] Iteration: 313, Loss: 0.038127973859297
2018-02-20-16:47:08 [INFO ] Iteration: 314, Loss: 0.042619790536492
2018-02-20-16:47:10 [INFO ] Iteration: 315, Loss: 0.041486882513201
2018-02-20-16:47:13 [INFO ] Iteration: 316, Loss: 0.038165377879887
2018-02-20-16:47:15 [INFO ] Iteration: 317, Loss: 0.038857884905053
2018-02-20-16:47:18 [INFO ] Iteration: 318, Loss: 0.036861482830379
2018-02-20-16:47:21 [INFO ] Iteration: 319, Loss: 0.0397270904145
2018-02-20-16:47:23 [INFO ] Iteration: 320, Loss: 0.040818543582986
2018-02-20-16:47:26 [INFO ] Iteration: 321, Loss: 0.040229411475393
2018-02-20-16:47:28 [INFO ] Iteration: 322, Loss: 0.039471424377746
2018-02-20-16:47:31 [INFO ] Iteration: 323, Loss: 0.039527612010086
2018-02-20-16:47:34 [INFO ] Iteration: 324, Loss: 0.037901134168688
2018-02-20-16:47:36 [INFO ] Iteration: 325, Loss: 0.039893452418115
2018-02-20-16:47:39 [INFO ] Iteration: 326, Loss: 0.040319701052901
2018-02-20-16:47:42 [INFO ] Iteration: 327, Loss: 0.037967644758531
2018-02-20-16:47:44 [INFO ] Iteration: 328, Loss: 0.036615168431813
2018-02-20-16:47:47 [INFO ] Iteration: 329, Loss: 0.039508218397131
2018-02-20-16:47:50 [INFO ] Iteration: 330, Loss: 0.036927345386949
2018-02-20-16:47:52 [INFO ] Iteration: 331, Loss: 0.036494733106138
2018-02-20-16:47:55 [INFO ] Iteration: 332, Loss: 0.039090951901349
2018-02-20-16:47:57 [INFO ] Iteration: 333, Loss: 0.036551558699216
2018-02-20-16:48:00 [INFO ] Iteration: 334, Loss: 0.037266902876096
2018-02-20-16:48:03 [INFO ] Iteration: 335, Loss: 0.038779951926648
2018-02-20-16:48:05 [INFO ] Iteration: 336, Loss: 0.04472788004312
2018-02-20-16:48:08 [INFO ] Iteration: 337, Loss: 0.039060365741685
2018-02-20-16:48:11 [INFO ] Iteration: 338, Loss: 0.036535402631392
2018-02-20-16:48:13 [INFO ] Iteration: 339, Loss: 0.039607147516451
2018-02-20-16:48:16 [INFO ] Iteration: 340, Loss: 0.039231164675382
2018-02-20-16:48:19 [INFO ] Iteration: 341, Loss: 0.03658369444332
2018-02-20-16:48:21 [INFO ] Iteration: 342, Loss: 0.040270142461504
2018-02-20-16:48:24 [INFO ] Iteration: 343, Loss: 0.037683976484894
2018-02-20-16:48:27 [INFO ] Iteration: 344, Loss: 0.038218484772085
2018-02-20-16:48:29 [INFO ] Iteration: 345, Loss: 0.037644027823839
2018-02-20-16:48:32 [INFO ] Iteration: 346, Loss: 0.036089378865227
2018-02-20-16:48:34 [INFO ] Iteration: 347, Loss: 0.036834592986024
2018-02-20-16:48:37 [INFO ] Iteration: 348, Loss: 0.04401707858885
2018-02-20-16:48:40 [INFO ] Iteration: 349, Loss: 0.03947281341696
2018-02-20-16:48:42 [INFO ] Iteration: 350, Loss: 0.037133100570399
2018-02-20-16:48:45 [INFO ] Iteration: 351, Loss: 0.041615315182373
2018-02-20-16:48:47 [INFO ] Iteration: 352, Loss: 0.038239142506422
2018-02-20-16:48:50 [INFO ] Iteration: 353, Loss: 0.037282245814206
2018-02-20-16:48:52 [INFO ] Iteration: 354, Loss: 0.041304878574097
2018-02-20-16:48:55 [INFO ] Iteration: 355, Loss: 0.039797220507641
2018-02-20-16:48:58 [INFO ] Iteration: 356, Loss: 0.039002495220353
2018-02-20-16:49:00 [INFO ] Iteration: 357, Loss: 0.037284457239141
2018-02-20-16:49:03 [INFO ] Iteration: 358, Loss: 0.036893720968562
2018-02-20-16:49:05 [INFO ] Iteration: 359, Loss: 0.042037088846787
2018-02-20-16:49:08 [INFO ] Iteration: 360, Loss: 0.036899196465267
2018-02-20-16:49:10 [INFO ] Iteration: 361, Loss: 0.036912066208013
2018-02-20-16:49:13 [INFO ] Iteration: 362, Loss: 0.037486378560677
2018-02-20-16:49:16 [INFO ] Iteration: 363, Loss: 0.037798643267123
2018-02-20-16:49:18 [INFO ] Iteration: 364, Loss: 0.038137814720649
2018-02-20-16:49:21 [INFO ] Iteration: 365, Loss: 0.040177943378074
2018-02-20-16:49:23 [INFO ] Iteration: 366, Loss: 0.037467434754218
2018-02-20-16:49:26 [INFO ] Iteration: 367, Loss: 0.034770054428782
2018-02-20-16:49:29 [INFO ] Iteration: 368, Loss: 0.037360407171702
2018-02-20-16:49:31 [INFO ] Iteration: 369, Loss: 0.037424647118373
2018-02-20-16:49:34 [INFO ] Iteration: 370, Loss: 0.038593084139601
2018-02-20-16:49:36 [INFO ] Iteration: 371, Loss: 0.037611312251043
2018-02-20-16:49:39 [INFO ] Iteration: 372, Loss: 0.041101265296558
2018-02-20-16:49:41 [INFO ] Iteration: 373, Loss: 0.037204783517782
2018-02-20-16:49:44 [INFO ] Iteration: 374, Loss: 0.0365065293544
2018-02-20-16:49:47 [INFO ] Iteration: 375, Loss: 0.03697165550539
2018-02-20-16:49:49 [INFO ] Iteration: 376, Loss: 0.042915605855627
2018-02-20-16:49:52 [INFO ] Iteration: 377, Loss: 0.038281959768782
2018-02-20-16:49:54 [INFO ] Iteration: 378, Loss: 0.039757294172453
2018-02-20-16:49:57 [INFO ] Iteration: 379, Loss: 0.038561272078926
2018-02-20-16:49:59 [INFO ] Iteration: 380, Loss: 0.042015481346767
2018-02-20-16:50:02 [INFO ] Iteration: 381, Loss: 0.037746740872969
2018-02-20-16:50:05 [INFO ] Iteration: 382, Loss: 0.041557897514122
2018-02-20-16:50:07 [INFO ] Iteration: 383, Loss: 0.043309916677458
2018-02-20-16:50:10 [INFO ] Iteration: 384, Loss: 0.037884199005625
2018-02-20-16:50:13 [INFO ] Iteration: 385, Loss: 0.037970578058115
2018-02-20-16:50:15 [INFO ] Iteration: 386, Loss: 0.035403862589705
2018-02-20-16:50:18 [INFO ] Iteration: 387, Loss: 0.038590783993912
2018-02-20-16:50:20 [INFO ] Iteration: 388, Loss: 0.035698071214558
2018-02-20-16:50:23 [INFO ] Iteration: 389, Loss: 0.039546648026041
2018-02-20-16:50:26 [INFO ] Iteration: 390, Loss: 0.041496413455897
2018-02-20-16:50:28 [INFO ] Iteration: 391, Loss: 0.039334249043822
2018-02-20-16:50:31 [INFO ] Iteration: 392, Loss: 0.039894479761012
2018-02-20-16:50:34 [INFO ] Iteration: 393, Loss: 0.036432716498373
2018-02-20-16:50:36 [INFO ] Iteration: 394, Loss: 0.03868256761477
2018-02-20-16:50:39 [INFO ] Iteration: 395, Loss: 0.036068721802913
2018-02-20-16:50:42 [INFO ] Iteration: 396, Loss: 0.038363000757715
2018-02-20-16:50:44 [INFO ] Iteration: 397, Loss: 0.038650352269715
2018-02-20-16:50:47 [INFO ] Iteration: 398, Loss: 0.037567888054513
2018-02-20-16:50:49 [INFO ] Iteration: 399, Loss: 0.037852792156809
2018-02-20-16:50:52 [INFO ] Iteration: 400, Loss: 0.039231098087374
2018-02-20-16:50:55 [INFO ] Iteration: 401, Loss: 0.036446120190942
2018-02-20-16:50:57 [INFO ] Iteration: 402, Loss: 0.041883744261126
2018-02-20-16:51:00 [INFO ] Iteration: 403, Loss: 0.038659802251269
2018-02-20-16:51:03 [INFO ] Iteration: 404, Loss: 0.039221107347512
2018-02-20-16:51:05 [INFO ] Iteration: 405, Loss: 0.035807828876523
2018-02-20-16:51:08 [INFO ] Iteration: 406, Loss: 0.04190491348577
2018-02-20-16:51:10 [INFO ] Iteration: 407, Loss: 0.038757971593761
2018-02-20-16:51:13 [INFO ] Iteration: 408, Loss: 0.038611813806268
2018-02-20-16:51:16 [INFO ] Iteration: 409, Loss: 0.040444673639226
2018-02-20-16:51:18 [INFO ] Iteration: 410, Loss: 0.037736757044461
2018-02-20-16:51:21 [INFO ] Iteration: 411, Loss: 0.037370129935456
2018-02-20-16:51:23 [INFO ] Iteration: 412, Loss: 0.041672490379414
2018-02-20-16:51:26 [INFO ] Iteration: 413, Loss: 0.037541873342329
2018-02-20-16:51:28 [INFO ] Iteration: 414, Loss: 0.036324644795264
2018-02-20-16:51:31 [INFO ] Iteration: 415, Loss: 0.037789170999008
2018-02-20-16:51:34 [INFO ] Iteration: 416, Loss: 0.036672214176926
2018-02-20-16:51:36 [INFO ] Iteration: 417, Loss: 0.035227478478979
2018-02-20-16:51:39 [INFO ] Iteration: 418, Loss: 0.035752157517628
2018-02-20-16:51:41 [INFO ] Iteration: 419, Loss: 0.040820328163071
2018-02-20-16:51:44 [INFO ] Iteration: 420, Loss: 0.039372018167767
2018-02-20-16:51:47 [INFO ] Iteration: 421, Loss: 0.04023567389503
2018-02-20-16:51:49 [INFO ] Iteration: 422, Loss: 0.038984106543428
2018-02-20-16:51:52 [INFO ] Iteration: 423, Loss: 0.041950600485181
2018-02-20-16:51:54 [INFO ] Iteration: 424, Loss: 0.03909547097096
2018-02-20-16:51:57 [INFO ] Iteration: 425, Loss: 0.036842550848534
2018-02-20-16:51:59 [INFO ] Iteration: 426, Loss: 0.039149012788197
2018-02-20-16:52:02 [INFO ] Iteration: 427, Loss: 0.039026453512182
2018-02-20-16:52:05 [INFO ] Iteration: 428, Loss: 0.038237761110835
2018-02-20-16:52:07 [INFO ] Iteration: 429, Loss: 0.038299442182438
2018-02-20-16:52:10 [INFO ] Iteration: 430, Loss: 0.037724991608315
2018-02-20-16:52:12 [INFO ] Iteration: 431, Loss: 0.04056138584641
2018-02-20-16:52:15 [INFO ] Iteration: 432, Loss: 0.039948463163079
2018-02-20-16:52:18 [INFO ] Iteration: 433, Loss: 0.037911005325798
2018-02-20-16:52:20 [INFO ] Iteration: 434, Loss: 0.037255666997443
2018-02-20-16:52:23 [INFO ] Iteration: 435, Loss: 0.036283819156573
2018-02-20-16:52:25 [INFO ] Iteration: 436, Loss: 0.041009931959996
2018-02-20-16:52:28 [INFO ] Iteration: 437, Loss: 0.040715749475864
2018-02-20-16:52:30 [INFO ] Iteration: 438, Loss: 0.037674782497772
2018-02-20-16:52:33 [INFO ] Iteration: 439, Loss: 0.039375183990794
2018-02-20-16:52:36 [INFO ] Iteration: 440, Loss: 0.037790037028823
2018-02-20-16:52:38 [INFO ] Iteration: 441, Loss: 0.040393895371043
2018-02-20-16:52:41 [INFO ] Iteration: 442, Loss: 0.037779306154275
2018-02-20-16:52:43 [INFO ] Iteration: 443, Loss: 0.035922642136613
2018-02-20-16:52:46 [INFO ] Iteration: 444, Loss: 0.034111141934942
2018-02-20-16:52:49 [INFO ] Iteration: 445, Loss: 0.042930334471439
2018-02-20-16:52:51 [INFO ] Iteration: 446, Loss: 0.041144972151906
2018-02-20-16:52:54 [INFO ] Iteration: 447, Loss: 0.039398997314859
2018-02-20-16:52:57 [INFO ] Iteration: 448, Loss: 0.038472792956139
2018-02-20-16:52:59 [INFO ] Iteration: 449, Loss: 0.03867054743207
2018-02-20-16:53:02 [INFO ] Iteration: 450, Loss: 0.03535707008038
2018-02-20-16:53:05 [INFO ] Iteration: 451, Loss: 0.034332217276683
2018-02-20-16:53:07 [INFO ] Iteration: 452, Loss: 0.041531673976371
2018-02-20-16:53:10 [INFO ] Iteration: 453, Loss: 0.038190716643918
2018-02-20-16:53:13 [INFO ] Iteration: 454, Loss: 0.036498171769263
2018-02-20-16:53:15 [INFO ] Iteration: 455, Loss: 0.040310508062099
2018-02-20-16:53:18 [INFO ] Iteration: 456, Loss: 0.037702794812161
2018-02-20-16:53:20 [INFO ] Iteration: 457, Loss: 0.036373072132718
2018-02-20-16:53:23 [INFO ] Iteration: 458, Loss: 0.040225641396937
2018-02-20-16:53:26 [INFO ] Iteration: 459, Loss: 0.037737438169226
2018-02-20-16:53:28 [INFO ] Iteration: 460, Loss: 0.039024633923996
2018-02-20-16:53:31 [INFO ] Iteration: 461, Loss: 0.037553923547656
2018-02-20-16:53:34 [INFO ] Iteration: 462, Loss: 0.036064809072066
2018-02-20-16:53:36 [INFO ] Iteration: 463, Loss: 0.042626332227839
2018-02-20-16:53:39 [INFO ] Iteration: 464, Loss: 0.040226901341082
2018-02-20-16:53:41 [INFO ] Iteration: 465, Loss: 0.039396693113468
2018-02-20-16:53:44 [INFO ] Iteration: 466, Loss: 0.039410416936934
2018-02-20-16:53:47 [INFO ] Iteration: 467, Loss: 0.037096348514448
2018-02-20-16:53:49 [INFO ] Iteration: 468, Loss: 0.036361518057354
2018-02-20-16:53:52 [INFO ] Iteration: 469, Loss: 0.038827490461016
2018-02-20-16:53:55 [INFO ] Iteration: 470, Loss: 0.036943434109911
2018-02-20-16:53:57 [INFO ] Iteration: 471, Loss: 0.037338914422094
2018-02-20-16:54:00 [INFO ] Iteration: 472, Loss: 0.038404159452686
2018-02-20-16:54:03 [INFO ] Iteration: 473, Loss: 0.036361317424671
2018-02-20-16:54:05 [INFO ] Iteration: 474, Loss: 0.038018040019233
2018-02-20-16:54:08 [INFO ] Iteration: 475, Loss: 0.035854328022888
2018-02-20-16:54:11 [INFO ] Iteration: 476, Loss: 0.037393394738546
2018-02-20-16:54:13 [INFO ] Iteration: 477, Loss: 0.038071646083508
2018-02-20-16:54:16 [INFO ] Iteration: 478, Loss: 0.036996083345055
2018-02-20-16:54:18 [INFO ] Iteration: 479, Loss: 0.037473482014438
2018-02-20-16:54:21 [INFO ] Iteration: 480, Loss: 0.040528033128269
2018-02-20-16:54:24 [INFO ] Iteration: 481, Loss: 0.041642251752337
2018-02-20-16:54:26 [INFO ] Iteration: 482, Loss: 0.039357878638307
2018-02-20-16:54:29 [INFO ] Iteration: 483, Loss: 0.037369125606309
2018-02-20-16:54:32 [INFO ] Iteration: 484, Loss: 0.038473577990517
2018-02-20-16:54:34 [INFO ] Iteration: 485, Loss: 0.03685745041491
2018-02-20-16:54:37 [INFO ] Iteration: 486, Loss: 0.037366760195198
2018-02-20-16:54:40 [INFO ] Iteration: 487, Loss: 0.03957222739954
2018-02-20-16:54:42 [INFO ] Iteration: 488, Loss: 0.039708229484121
2018-02-20-16:54:45 [INFO ] Iteration: 489, Loss: 0.037352786707894
2018-02-20-16:54:48 [INFO ] Iteration: 490, Loss: 0.037539080548614
2018-02-20-16:54:50 [INFO ] Iteration: 491, Loss: 0.041212329282826
2018-02-20-16:54:53 [INFO ] Iteration: 492, Loss: 0.038237146895615
2018-02-20-16:54:56 [INFO ] Iteration: 493, Loss: 0.034204026680927
2018-02-20-16:54:58 [INFO ] Iteration: 494, Loss: 0.034635134560643
2018-02-20-16:55:01 [INFO ] Iteration: 495, Loss: 0.042320134400665
2018-02-20-16:55:03 [INFO ] Iteration: 496, Loss: 0.039204781258385
2018-02-20-16:55:06 [INFO ] Iteration: 497, Loss: 0.035939248003485
2018-02-20-16:55:09 [INFO ] Iteration: 498, Loss: 0.038163338085779
2018-02-20-16:55:11 [INFO ] Iteration: 499, Loss: 0.03959043439491
2018-02-20-16:55:14 [INFO ] Iteration: 500, Loss: 0.038137197354264
2018-02-20-16:55:14 [INFO ] Maximum iterations reached in Gradient Descent. Loss = 0.038137197354264
